#
# A fatal error has been detected by the Java Runtime Environment:
#
#  EXCEPTION_ACCESS_VIOLATION (0xc0000005) at pc=0x00007ff92b8924a0, pid=2224, tid=15948
#
# JRE version: OpenJDK Runtime Environment (11.0.10) (build 11.0.10+0-b96-7249189)
# Java VM: OpenJDK 64-Bit Server VM (11.0.10+0-b96-7249189, mixed mode, tiered, compressed oops, g1 gc, windows-amd64)
# Problematic frame:
# C  [atio6axx.dll+0xc224a0]
#
# No core dump will be written. Minidumps are not enabled by default on client versions of Windows
#
# If you would like to submit a bug report, please visit:
#   https://bugreport.java.com/bugreport/crash.jsp
# The crash happened outside the Java Virtual Machine in native code.
# See problematic frame for where to report the bug.
#

---------------  S U M M A R Y ------------

Command Line: -Dfile.encoding=windows-1252 -Duser.country=ES -Duser.language=es -Duser.variant com.jumanji.desktop.DesktopLauncher

Host: AMD Ryzen 5 3600X 6-Core Processor             , 12 cores, 15G,  Windows 10 , 64 bit Build 19041 (10.0.19041.1503)
Time: Fri Mar  4 13:34:44 2022 Hora estándar romance elapsed time: 6.132468 seconds (0d 0h 0m 6s)

---------------  T H R E A D  ---------------

Current thread (0x000001d6a4d40800):  JavaThread "LWJGL Application" [_thread_in_native, id=15948, stack(0x00000089ab800000,0x00000089ab900000)]

Stack: [0x00000089ab800000,0x00000089ab900000],  sp=0x00000089ab8fdf70,  free space=1015k
Native frames: (J=compiled Java code, j=interpreted, Vv=VM code, C=native code)
C  [atio6axx.dll+0xc224a0]

Java frames: (J=compiled Java code, j=interpreted, Vv=VM code)
J 1048  org.lwjgl.opengl.GL11.nglDrawElements(IIIJJ)V (0 bytes) @ 0x000001d68f40b426 [0x000001d68f40b3c0+0x0000000000000066]
J 1045 c1 org.lwjgl.opengl.GL11.glDrawElements(ILjava/nio/ShortBuffer;)V (38 bytes) @ 0x000001d6880921f4 [0x000001d6880919e0+0x0000000000000814]
J 1009 c1 com.badlogic.gdx.backends.lwjgl.LwjglGL20.glDrawElements(IIILjava/nio/Buffer;)V (124 bytes) @ 0x000001d688077bf4 [0x000001d688076c40+0x0000000000000fb4]
J 965 c1 com.badlogic.gdx.graphics.Mesh.render(Lcom/badlogic/gdx/graphics/glutils/ShaderProgram;IIIZ)V (341 bytes) @ 0x000001d68806096c [0x000001d6880602e0+0x000000000000068c]
J 916 c1 com.badlogic.gdx.graphics.g2d.SpriteBatch.flush()V (193 bytes) @ 0x000001d6880474bc [0x000001d6880458c0+0x0000000000001bfc]
J 1066 c1 com.badlogic.gdx.graphics.g2d.SpriteBatch.setTransformMatrix(Lcom/badlogic/gdx/math/Matrix4;)V (32 bytes) @ 0x000001d6880a6654 [0x000001d6880a6580+0x00000000000000d4]
J 1126 c1 com.badlogic.gdx.scenes.scene2d.Stage.draw()V (70 bytes) @ 0x000001d6880cf65c [0x000001d6880cebc0+0x0000000000000a9c]
j  com.jumanji.screens.GetReadyScreen.render(F)V+4
J 1188 c1 com.badlogic.gdx.Game.render()V (25 bytes) @ 0x000001d6880ee2f4 [0x000001d6880ee0e0+0x0000000000000214]
j  com.badlogic.gdx.backends.lwjgl.LwjglApplication.mainLoop()V+776
j  com.badlogic.gdx.backends.lwjgl.LwjglApplication$1.run()V+27
v  ~StubRoutines::call_stub

siginfo: EXCEPTION_ACCESS_VIOLATION (0xc0000005), reading address 0x000001d6a57c1100


Register to memory mapping:

RIP=0x00007ff92b8924a0 atio6axx.dll
RAX=0x000001d6a57c1100 is an unknown value
RBX=0x000001d6ab0de7d0 points into unknown readable memory: 0x0000000000000000 | 00 00 00 00 00 00 00 00
RCX=0x0000000000000a68 is an unknown value
RDX=0x000001d6ab0de7d0 points into unknown readable memory: 0x0000000000000000 | 00 00 00 00 00 00 00 00
RSP=0x00000089ab8fdf70 is pointing into the stack for thread: 0x000001d6a4d40800
RBP=0x0000000000000003 is an unknown value
RSI=0x000001d6a61e4430 points into unknown readable memory: 0x000001d6a61c18b0 | b0 18 1c a6 d6 01 00 00
RDI=0x000001d6a5737cd2 points into unknown readable memory: 73 a5 d6 01 00 00
R8 =0x0000000000000001 is an unknown value
R9 =0x0 is NULL
R10=0x00000089ab8fe018 is pointing into the stack for thread: 0x000001d6a4d40800
R11=0x0000000000000008 is an unknown value
R12=0x0000000000000348 is an unknown value
R13=0x0000000000000003 is an unknown value
R14=0x0000000000007d70 is an unknown value
R15=0x00000000ffffffff is an unknown value


Registers:
RAX=0x000001d6a57c1100, RBX=0x000001d6ab0de7d0, RCX=0x0000000000000a68, RDX=0x000001d6ab0de7d0
RSP=0x00000089ab8fdf70, RBP=0x0000000000000003, RSI=0x000001d6a61e4430, RDI=0x000001d6a5737cd2
R8 =0x0000000000000001, R9 =0x0000000000000000, R10=0x00000089ab8fe018, R11=0x0000000000000008
R12=0x0000000000000348, R13=0x0000000000000003, R14=0x0000000000007d70, R15=0x00000000ffffffff
RIP=0x00007ff92b8924a0, EFLAGS=0x0000000000010202

Top of Stack: (sp=0x00000089ab8fdf70)
0x00000089ab8fdf70:   000001d6a4d40800 000001d6a4b6e4c0
0x00000089ab8fdf80:   000001d6a61e4430 000001d6a43ed338
0x00000089ab8fdf90:   000001d6a43ed408 00000000000000d8
0x00000089ab8fdfa0:   00000089ab8ff368 00007ff9210bb19d
0x00000089ab8fdfb0:   000001d6abe12d00 000001d6878e7987
0x00000089ab8fdfc0:   0000000000000048 00000089ab8feaf8
0x00000089ab8fdfd0:   000001d6ab8fd6c8 000001d6878e7858
0x00000089ab8fdfe0:   0000000000000348 0000000000000078
0x00000089ab8fdff0:   000001d6a5737cdc 000001d6a61c18b0
0x00000089ab8fe000:   000001d6a61c2080 000001d6ab0de7d0
0x00000089ab8fe010:   000001d6a5724440 0000000800000014
0x00000089ab8fe020:   000001d6a572444c 0000000800000014
0x00000089ab8fe030:   000001d6a5724448 0000000400000014
0x00000089ab8fe040:   0000000000000000 0000000000000000
0x00000089ab8fe050:   0000000000000000 0000000000000000
0x00000089ab8fe060:   0000000000000000 0000000000000000 

Instructions: (pc=0x00007ff92b8924a0)
0x00007ff92b8923a0:   29 60 49 89 01 8b 44 29 50 41 89 41 08 8b 44 29
0x00007ff92b8923b0:   58 41 89 41 0c 49 83 c1 10 41 ff c0 4c 0f bc d2
0x00007ff92b8923c0:   0f 95 c0 84 c0 74 09 41 8b ca 48 d3 ea 45 03 c2
0x00007ff92b8923d0:   48 85 d2 75 bb 4d 85 ff 74 46 41 83 e6 01 b9 70
0x00007ff92b8923e0:   0a 00 00 b8 60 00 00 00 0f 44 c1 4d 85 f6 b9 60
0x00007ff92b8923f0:   0a 00 00 48 8b 04 28 49 89 01 b8 50 00 00 00 0f
0x00007ff92b892400:   44 c1 b9 68 0a 00 00 8b 04 28 41 89 41 08 b8 58
0x00007ff92b892410:   00 00 00 0f 44 c1 41 ff c5 8b 04 28 41 89 41 0c
0x00007ff92b892420:   49 3b fb 0f 83 cc 00 00 00 44 8b bc 24 f8 04 00
0x00007ff92b892430:   00 0f 1f 40 00 66 66 66 0f 1f 84 00 00 00 00 00
0x00007ff92b892440:   0f b7 07 48 83 c7 02 45 85 ed 0f 84 9c 00 00 00
0x00007ff92b892450:   45 8d 34 07 41 8b ed 41 bf ff ff ff ff 4c 8d 94
0x00007ff92b892460:   24 a8 00 00 00 66 66 66 0f 1f 84 00 00 00 00 00
0x00007ff92b892470:   45 8b 5a 04 41 8b c6 41 0f af 02 45 8b c3 41 83
0x00007ff92b892480:   e0 f8 45 8b cb 45 2b c8 48 8b d3 41 c1 e8 03 49
0x00007ff92b892490:   03 42 f8 45 85 c0 74 1b 0f 1f 84 00 00 00 00 00
0x00007ff92b8924a0:   48 8b 08 48 83 c0 08 48 89 0a 48 83 c2 08 45 03
0x00007ff92b8924b0:   c7 75 ed 45 85 c9 74 17 48 2b d0 0f 1f 44 00 00
0x00007ff92b8924c0:   0f b6 08 88 0c 10 48 8d 40 01 45 03 cf 75 f1 49
0x00007ff92b8924d0:   03 db 49 83 c2 10 48 83 ed 01 75 94 4c 8b 9c 24
0x00007ff92b8924e0:   80 00 00 00 44 8b bc 24 f8 04 00 00 49 3b fb 0f
0x00007ff92b8924f0:   82 4b ff ff ff 44 8b ac 24 e8 04 00 00 48 8b bc
0x00007ff92b892500:   24 90 00 00 00 4c 8b 8c 24 98 00 00 00 4c 8b bc
0x00007ff92b892510:   24 88 04 00 00 4c 8b b4 24 90 04 00 00 8b 5f 3c
0x00007ff92b892520:   48 03 5f 30 49 3b d9 74 6a 8b 6c 24 78 48 8b cb
0x00007ff92b892530:   81 fd 00 02 00 00 76 0d 44 8b c5 49 8b d1 e8 dd
0x00007ff92b892540:   fe e5 ff eb 52 8b d5 44 8b c5 83 e2 f8 41 ba ff
0x00007ff92b892550:   ff ff ff 44 2b c2 c1 ea 03 85 d2 74 16 0f 1f 00
0x00007ff92b892560:   49 8b 01 49 83 c1 08 48 89 01 48 83 c1 08 41 03
0x00007ff92b892570:   d2 75 ed 45 85 c0 74 1f 49 2b c9 0f 1f 44 00 00
0x00007ff92b892580:   41 0f b6 01 41 88 04 09 4d 8d 49 01 45 03 c2 75
0x00007ff92b892590:   ef eb 04 8b 6c 24 78 f6 47 40 04 74 1c 48 8b 0f 


Stack slot to memory mapping:
stack at sp + 0 slots: 0x000001d6a4d40800 is a thread
stack at sp + 1 slots: 0x000001d6a4b6e4c0 points into unknown readable memory: 0x0000000000000002 | 02 00 00 00 00 00 00 00
stack at sp + 2 slots: 0x000001d6a61e4430 points into unknown readable memory: 0x000001d6a61c18b0 | b0 18 1c a6 d6 01 00 00
stack at sp + 3 slots: 0x000001d6a43ed338 points into unknown readable memory: 0x0000000710681d18 | 18 1d 68 10 07 00 00 00
stack at sp + 4 slots: 0x000001d6a43ed408 points into unknown readable memory: 0x90000c14b46c6f3a | 3a 6f 6c b4 14 0c 00 90
stack at sp + 5 slots: 0x00000000000000d8 is an unknown value
stack at sp + 6 slots: 0x00000089ab8ff368 is pointing into the stack for thread: 0x000001d6a4d40800
stack at sp + 7 slots: 0x00007ff9210bb19d jvm.dll


---------------  P R O C E S S  ---------------

Threads class SMR info:
_java_thread_list=0x000001d6ab85d7f0, length=15, elements={
0x000001d6a4335800, 0x000001d6a4336800, 0x000001d6a3a81000, 0x000001d6a3a85000,
0x000001d6a3a86000, 0x000001d6a3a8a000, 0x000001d6a3a8c800, 0x000001d6a4393000,
0x000001d6a44f3000, 0x000001d6a4d40800, 0x000001d6825f3800, 0x000001d6ab719000,
0x000001d6abba4000, 0x000001d6abce4000, 0x000001d6abce2000
}

Java Threads: ( => current thread )
  0x000001d6a4335800 JavaThread "Reference Handler" daemon [_thread_blocked, id=5392, stack(0x00000089aab00000,0x00000089aac00000)]
  0x000001d6a4336800 JavaThread "Finalizer" daemon [_thread_blocked, id=5720, stack(0x00000089aac00000,0x00000089aad00000)]
  0x000001d6a3a81000 JavaThread "Signal Dispatcher" daemon [_thread_blocked, id=8248, stack(0x00000089aad00000,0x00000089aae00000)]
  0x000001d6a3a85000 JavaThread "Attach Listener" daemon [_thread_blocked, id=3356, stack(0x00000089aae00000,0x00000089aaf00000)]
  0x000001d6a3a86000 JavaThread "Service Thread" daemon [_thread_blocked, id=4924, stack(0x00000089aaf00000,0x00000089ab000000)]
  0x000001d6a3a8a000 JavaThread "C2 CompilerThread0" daemon [_thread_blocked, id=10296, stack(0x00000089ab000000,0x00000089ab100000)]
  0x000001d6a3a8c800 JavaThread "C1 CompilerThread0" daemon [_thread_blocked, id=2856, stack(0x00000089ab100000,0x00000089ab200000)]
  0x000001d6a4393000 JavaThread "Sweeper thread" daemon [_thread_blocked, id=4248, stack(0x00000089ab200000,0x00000089ab300000)]
  0x000001d6a44f3000 JavaThread "Common-Cleaner" daemon [_thread_blocked, id=2568, stack(0x00000089ab400000,0x00000089ab500000)]
=>0x000001d6a4d40800 JavaThread "LWJGL Application" [_thread_in_native, id=15948, stack(0x00000089ab800000,0x00000089ab900000)]
  0x000001d6825f3800 JavaThread "DestroyJavaVM" [_thread_blocked, id=11448, stack(0x00000089aa400000,0x00000089aa500000)]
  0x000001d6ab719000 JavaThread "AssetManager" daemon [_thread_blocked, id=15000, stack(0x00000089ab500000,0x00000089ab600000)]
  0x000001d6abba4000 JavaThread "LWJGL Timer" daemon [_thread_blocked, id=11476, stack(0x00000089abc00000,0x00000089abd00000)]
  0x000001d6abce4000 JavaThread "C2 CompilerThread1" daemon [_thread_blocked, id=14072, stack(0x00000089aba00000,0x00000089abb00000)]
  0x000001d6abce2000 JavaThread "C2 CompilerThread2" daemon [_thread_in_native, id=11968, stack(0x00000089abb00000,0x00000089abc00000)]

Other Threads:
  0x000001d6a3a73000 VMThread "VM Thread" [stack: 0x00000089aaa00000,0x00000089aab00000] [id=16900]
  0x000001d6a44f2000 WatcherThread [stack: 0x00000089ab300000,0x00000089ab400000] [id=11568]
  0x000001d68255c000 GCTaskThread "GC Thread#0" [stack: 0x00000089aa500000,0x00000089aa600000] [id=7404]
  0x000001d682662800 ConcurrentGCThread "G1 Main Marker" [stack: 0x00000089aa600000,0x00000089aa700000] [id=11164]
  0x000001d682664000 ConcurrentGCThread "G1 Conc#0" [stack: 0x00000089aa700000,0x00000089aa800000] [id=2376]
  0x000001d6a3956800 ConcurrentGCThread "G1 Refine#0" [stack: 0x00000089aa800000,0x00000089aa900000] [id=6712]
  0x000001d6a3957800 ConcurrentGCThread "G1 Young RemSet Sampling" [stack: 0x00000089aa900000,0x00000089aaa00000] [id=13848]

Threads with active compile tasks:
C2 CompilerThread2   6167 1258 %     4       javazoom.jl.decoder.LayerIIIDecoder::decode @ 16 (572 bytes)

VM state:not at safepoint (normal execution)

VM Mutex/Monitor currently owned by a thread: None

Heap address: 0x0000000700c00000, size: 4084 MB, Compressed Oops mode: Zero based, Oop shift amount: 3
Narrow klass base: 0x0000000800000000, Narrow klass shift: 0
Compressed class space size: 1073741824 Address: 0x0000000800000000

Heap:
 garbage-first heap   total 262144K, used 20480K [0x0000000700c00000, 0x0000000800000000)
  region size 1024K, 20 young (20480K), 0 survivors (0K)
 Metaspace       used 11672K, capacity 11840K, committed 12032K, reserved 1060864K
  class space    used 936K, capacity 993K, committed 1024K, reserved 1048576K
Heap Regions: E=young(eden), S=young(survivor), O=old, HS=humongous(starts), HC=humongous(continues), CS=collection set, F=free, A=archive, TAMS=top-at-mark-start (previous, next)
|   0|0x0000000700c00000, 0x0000000700d00000, 0x0000000700d00000|100%|HS|  |TAMS 0x0000000700c00000, 0x0000000700c00000| Complete 
|   1|0x0000000700d00000, 0x0000000700e00000, 0x0000000700e00000|100%|HS|  |TAMS 0x0000000700d00000, 0x0000000700d00000| Complete 
|   2|0x0000000700e00000, 0x0000000700e00000, 0x0000000700f00000|  0%| F|  |TAMS 0x0000000700e00000, 0x0000000700e00000| Untracked 
|   3|0x0000000700f00000, 0x0000000700f00000, 0x0000000701000000|  0%| F|  |TAMS 0x0000000700f00000, 0x0000000700f00000| Untracked 
|   4|0x0000000701000000, 0x0000000701000000, 0x0000000701100000|  0%| F|  |TAMS 0x0000000701000000, 0x0000000701000000| Untracked 
|   5|0x0000000701100000, 0x0000000701100000, 0x0000000701200000|  0%| F|  |TAMS 0x0000000701100000, 0x0000000701100000| Untracked 
|   6|0x0000000701200000, 0x0000000701200000, 0x0000000701300000|  0%| F|  |TAMS 0x0000000701200000, 0x0000000701200000| Untracked 
|   7|0x0000000701300000, 0x0000000701300000, 0x0000000701400000|  0%| F|  |TAMS 0x0000000701300000, 0x0000000701300000| Untracked 
|   8|0x0000000701400000, 0x0000000701400000, 0x0000000701500000|  0%| F|  |TAMS 0x0000000701400000, 0x0000000701400000| Untracked 
|   9|0x0000000701500000, 0x0000000701500000, 0x0000000701600000|  0%| F|  |TAMS 0x0000000701500000, 0x0000000701500000| Untracked 
|  10|0x0000000701600000, 0x0000000701600000, 0x0000000701700000|  0%| F|  |TAMS 0x0000000701600000, 0x0000000701600000| Untracked 
|  11|0x0000000701700000, 0x0000000701700000, 0x0000000701800000|  0%| F|  |TAMS 0x0000000701700000, 0x0000000701700000| Untracked 
|  12|0x0000000701800000, 0x0000000701800000, 0x0000000701900000|  0%| F|  |TAMS 0x0000000701800000, 0x0000000701800000| Untracked 
|  13|0x0000000701900000, 0x0000000701900000, 0x0000000701a00000|  0%| F|  |TAMS 0x0000000701900000, 0x0000000701900000| Untracked 
|  14|0x0000000701a00000, 0x0000000701a00000, 0x0000000701b00000|  0%| F|  |TAMS 0x0000000701a00000, 0x0000000701a00000| Untracked 
|  15|0x0000000701b00000, 0x0000000701b00000, 0x0000000701c00000|  0%| F|  |TAMS 0x0000000701b00000, 0x0000000701b00000| Untracked 
|  16|0x0000000701c00000, 0x0000000701c00000, 0x0000000701d00000|  0%| F|  |TAMS 0x0000000701c00000, 0x0000000701c00000| Untracked 
|  17|0x0000000701d00000, 0x0000000701d00000, 0x0000000701e00000|  0%| F|  |TAMS 0x0000000701d00000, 0x0000000701d00000| Untracked 
|  18|0x0000000701e00000, 0x0000000701e00000, 0x0000000701f00000|  0%| F|  |TAMS 0x0000000701e00000, 0x0000000701e00000| Untracked 
|  19|0x0000000701f00000, 0x0000000701f00000, 0x0000000702000000|  0%| F|  |TAMS 0x0000000701f00000, 0x0000000701f00000| Untracked 
|  20|0x0000000702000000, 0x0000000702000000, 0x0000000702100000|  0%| F|  |TAMS 0x0000000702000000, 0x0000000702000000| Untracked 
|  21|0x0000000702100000, 0x0000000702100000, 0x0000000702200000|  0%| F|  |TAMS 0x0000000702100000, 0x0000000702100000| Untracked 
|  22|0x0000000702200000, 0x0000000702200000, 0x0000000702300000|  0%| F|  |TAMS 0x0000000702200000, 0x0000000702200000| Untracked 
|  23|0x0000000702300000, 0x0000000702300000, 0x0000000702400000|  0%| F|  |TAMS 0x0000000702300000, 0x0000000702300000| Untracked 
|  24|0x0000000702400000, 0x0000000702400000, 0x0000000702500000|  0%| F|  |TAMS 0x0000000702400000, 0x0000000702400000| Untracked 
|  25|0x0000000702500000, 0x0000000702500000, 0x0000000702600000|  0%| F|  |TAMS 0x0000000702500000, 0x0000000702500000| Untracked 
|  26|0x0000000702600000, 0x0000000702600000, 0x0000000702700000|  0%| F|  |TAMS 0x0000000702600000, 0x0000000702600000| Untracked 
|  27|0x0000000702700000, 0x0000000702700000, 0x0000000702800000|  0%| F|  |TAMS 0x0000000702700000, 0x0000000702700000| Untracked 
|  28|0x0000000702800000, 0x0000000702800000, 0x0000000702900000|  0%| F|  |TAMS 0x0000000702800000, 0x0000000702800000| Untracked 
|  29|0x0000000702900000, 0x0000000702900000, 0x0000000702a00000|  0%| F|  |TAMS 0x0000000702900000, 0x0000000702900000| Untracked 
|  30|0x0000000702a00000, 0x0000000702a00000, 0x0000000702b00000|  0%| F|  |TAMS 0x0000000702a00000, 0x0000000702a00000| Untracked 
|  31|0x0000000702b00000, 0x0000000702b00000, 0x0000000702c00000|  0%| F|  |TAMS 0x0000000702b00000, 0x0000000702b00000| Untracked 
|  32|0x0000000702c00000, 0x0000000702c00000, 0x0000000702d00000|  0%| F|  |TAMS 0x0000000702c00000, 0x0000000702c00000| Untracked 
|  33|0x0000000702d00000, 0x0000000702d00000, 0x0000000702e00000|  0%| F|  |TAMS 0x0000000702d00000, 0x0000000702d00000| Untracked 
|  34|0x0000000702e00000, 0x0000000702e00000, 0x0000000702f00000|  0%| F|  |TAMS 0x0000000702e00000, 0x0000000702e00000| Untracked 
|  35|0x0000000702f00000, 0x0000000702f00000, 0x0000000703000000|  0%| F|  |TAMS 0x0000000702f00000, 0x0000000702f00000| Untracked 
|  36|0x0000000703000000, 0x0000000703000000, 0x0000000703100000|  0%| F|  |TAMS 0x0000000703000000, 0x0000000703000000| Untracked 
|  37|0x0000000703100000, 0x0000000703100000, 0x0000000703200000|  0%| F|  |TAMS 0x0000000703100000, 0x0000000703100000| Untracked 
|  38|0x0000000703200000, 0x0000000703200000, 0x0000000703300000|  0%| F|  |TAMS 0x0000000703200000, 0x0000000703200000| Untracked 
|  39|0x0000000703300000, 0x0000000703300000, 0x0000000703400000|  0%| F|  |TAMS 0x0000000703300000, 0x0000000703300000| Untracked 
|  40|0x0000000703400000, 0x0000000703400000, 0x0000000703500000|  0%| F|  |TAMS 0x0000000703400000, 0x0000000703400000| Untracked 
|  41|0x0000000703500000, 0x0000000703500000, 0x0000000703600000|  0%| F|  |TAMS 0x0000000703500000, 0x0000000703500000| Untracked 
|  42|0x0000000703600000, 0x0000000703600000, 0x0000000703700000|  0%| F|  |TAMS 0x0000000703600000, 0x0000000703600000| Untracked 
|  43|0x0000000703700000, 0x0000000703700000, 0x0000000703800000|  0%| F|  |TAMS 0x0000000703700000, 0x0000000703700000| Untracked 
|  44|0x0000000703800000, 0x0000000703800000, 0x0000000703900000|  0%| F|  |TAMS 0x0000000703800000, 0x0000000703800000| Untracked 
|  45|0x0000000703900000, 0x0000000703900000, 0x0000000703a00000|  0%| F|  |TAMS 0x0000000703900000, 0x0000000703900000| Untracked 
|  46|0x0000000703a00000, 0x0000000703a00000, 0x0000000703b00000|  0%| F|  |TAMS 0x0000000703a00000, 0x0000000703a00000| Untracked 
|  47|0x0000000703b00000, 0x0000000703b00000, 0x0000000703c00000|  0%| F|  |TAMS 0x0000000703b00000, 0x0000000703b00000| Untracked 
|  48|0x0000000703c00000, 0x0000000703c00000, 0x0000000703d00000|  0%| F|  |TAMS 0x0000000703c00000, 0x0000000703c00000| Untracked 
|  49|0x0000000703d00000, 0x0000000703d00000, 0x0000000703e00000|  0%| F|  |TAMS 0x0000000703d00000, 0x0000000703d00000| Untracked 
|  50|0x0000000703e00000, 0x0000000703e00000, 0x0000000703f00000|  0%| F|  |TAMS 0x0000000703e00000, 0x0000000703e00000| Untracked 
|  51|0x0000000703f00000, 0x0000000703f00000, 0x0000000704000000|  0%| F|  |TAMS 0x0000000703f00000, 0x0000000703f00000| Untracked 
|  52|0x0000000704000000, 0x0000000704000000, 0x0000000704100000|  0%| F|  |TAMS 0x0000000704000000, 0x0000000704000000| Untracked 
|  53|0x0000000704100000, 0x0000000704100000, 0x0000000704200000|  0%| F|  |TAMS 0x0000000704100000, 0x0000000704100000| Untracked 
|  54|0x0000000704200000, 0x0000000704200000, 0x0000000704300000|  0%| F|  |TAMS 0x0000000704200000, 0x0000000704200000| Untracked 
|  55|0x0000000704300000, 0x0000000704300000, 0x0000000704400000|  0%| F|  |TAMS 0x0000000704300000, 0x0000000704300000| Untracked 
|  56|0x0000000704400000, 0x0000000704400000, 0x0000000704500000|  0%| F|  |TAMS 0x0000000704400000, 0x0000000704400000| Untracked 
|  57|0x0000000704500000, 0x0000000704500000, 0x0000000704600000|  0%| F|  |TAMS 0x0000000704500000, 0x0000000704500000| Untracked 
|  58|0x0000000704600000, 0x0000000704600000, 0x0000000704700000|  0%| F|  |TAMS 0x0000000704600000, 0x0000000704600000| Untracked 
|  59|0x0000000704700000, 0x0000000704700000, 0x0000000704800000|  0%| F|  |TAMS 0x0000000704700000, 0x0000000704700000| Untracked 
|  60|0x0000000704800000, 0x0000000704800000, 0x0000000704900000|  0%| F|  |TAMS 0x0000000704800000, 0x0000000704800000| Untracked 
|  61|0x0000000704900000, 0x0000000704900000, 0x0000000704a00000|  0%| F|  |TAMS 0x0000000704900000, 0x0000000704900000| Untracked 
|  62|0x0000000704a00000, 0x0000000704a00000, 0x0000000704b00000|  0%| F|  |TAMS 0x0000000704a00000, 0x0000000704a00000| Untracked 
|  63|0x0000000704b00000, 0x0000000704b00000, 0x0000000704c00000|  0%| F|  |TAMS 0x0000000704b00000, 0x0000000704b00000| Untracked 
|  64|0x0000000704c00000, 0x0000000704c00000, 0x0000000704d00000|  0%| F|  |TAMS 0x0000000704c00000, 0x0000000704c00000| Untracked 
|  65|0x0000000704d00000, 0x0000000704d00000, 0x0000000704e00000|  0%| F|  |TAMS 0x0000000704d00000, 0x0000000704d00000| Untracked 
|  66|0x0000000704e00000, 0x0000000704e00000, 0x0000000704f00000|  0%| F|  |TAMS 0x0000000704e00000, 0x0000000704e00000| Untracked 
|  67|0x0000000704f00000, 0x0000000704f00000, 0x0000000705000000|  0%| F|  |TAMS 0x0000000704f00000, 0x0000000704f00000| Untracked 
|  68|0x0000000705000000, 0x0000000705000000, 0x0000000705100000|  0%| F|  |TAMS 0x0000000705000000, 0x0000000705000000| Untracked 
|  69|0x0000000705100000, 0x0000000705100000, 0x0000000705200000|  0%| F|  |TAMS 0x0000000705100000, 0x0000000705100000| Untracked 
|  70|0x0000000705200000, 0x0000000705200000, 0x0000000705300000|  0%| F|  |TAMS 0x0000000705200000, 0x0000000705200000| Untracked 
|  71|0x0000000705300000, 0x0000000705300000, 0x0000000705400000|  0%| F|  |TAMS 0x0000000705300000, 0x0000000705300000| Untracked 
|  72|0x0000000705400000, 0x0000000705400000, 0x0000000705500000|  0%| F|  |TAMS 0x0000000705400000, 0x0000000705400000| Untracked 
|  73|0x0000000705500000, 0x0000000705500000, 0x0000000705600000|  0%| F|  |TAMS 0x0000000705500000, 0x0000000705500000| Untracked 
|  74|0x0000000705600000, 0x0000000705600000, 0x0000000705700000|  0%| F|  |TAMS 0x0000000705600000, 0x0000000705600000| Untracked 
|  75|0x0000000705700000, 0x0000000705700000, 0x0000000705800000|  0%| F|  |TAMS 0x0000000705700000, 0x0000000705700000| Untracked 
|  76|0x0000000705800000, 0x0000000705800000, 0x0000000705900000|  0%| F|  |TAMS 0x0000000705800000, 0x0000000705800000| Untracked 
|  77|0x0000000705900000, 0x0000000705900000, 0x0000000705a00000|  0%| F|  |TAMS 0x0000000705900000, 0x0000000705900000| Untracked 
|  78|0x0000000705a00000, 0x0000000705a00000, 0x0000000705b00000|  0%| F|  |TAMS 0x0000000705a00000, 0x0000000705a00000| Untracked 
|  79|0x0000000705b00000, 0x0000000705b00000, 0x0000000705c00000|  0%| F|  |TAMS 0x0000000705b00000, 0x0000000705b00000| Untracked 
|  80|0x0000000705c00000, 0x0000000705c00000, 0x0000000705d00000|  0%| F|  |TAMS 0x0000000705c00000, 0x0000000705c00000| Untracked 
|  81|0x0000000705d00000, 0x0000000705d00000, 0x0000000705e00000|  0%| F|  |TAMS 0x0000000705d00000, 0x0000000705d00000| Untracked 
|  82|0x0000000705e00000, 0x0000000705e00000, 0x0000000705f00000|  0%| F|  |TAMS 0x0000000705e00000, 0x0000000705e00000| Untracked 
|  83|0x0000000705f00000, 0x0000000705f00000, 0x0000000706000000|  0%| F|  |TAMS 0x0000000705f00000, 0x0000000705f00000| Untracked 
|  84|0x0000000706000000, 0x0000000706000000, 0x0000000706100000|  0%| F|  |TAMS 0x0000000706000000, 0x0000000706000000| Untracked 
|  85|0x0000000706100000, 0x0000000706100000, 0x0000000706200000|  0%| F|  |TAMS 0x0000000706100000, 0x0000000706100000| Untracked 
|  86|0x0000000706200000, 0x0000000706200000, 0x0000000706300000|  0%| F|  |TAMS 0x0000000706200000, 0x0000000706200000| Untracked 
|  87|0x0000000706300000, 0x0000000706300000, 0x0000000706400000|  0%| F|  |TAMS 0x0000000706300000, 0x0000000706300000| Untracked 
|  88|0x0000000706400000, 0x0000000706400000, 0x0000000706500000|  0%| F|  |TAMS 0x0000000706400000, 0x0000000706400000| Untracked 
|  89|0x0000000706500000, 0x0000000706500000, 0x0000000706600000|  0%| F|  |TAMS 0x0000000706500000, 0x0000000706500000| Untracked 
|  90|0x0000000706600000, 0x0000000706600000, 0x0000000706700000|  0%| F|  |TAMS 0x0000000706600000, 0x0000000706600000| Untracked 
|  91|0x0000000706700000, 0x0000000706700000, 0x0000000706800000|  0%| F|  |TAMS 0x0000000706700000, 0x0000000706700000| Untracked 
|  92|0x0000000706800000, 0x0000000706800000, 0x0000000706900000|  0%| F|  |TAMS 0x0000000706800000, 0x0000000706800000| Untracked 
|  93|0x0000000706900000, 0x0000000706900000, 0x0000000706a00000|  0%| F|  |TAMS 0x0000000706900000, 0x0000000706900000| Untracked 
|  94|0x0000000706a00000, 0x0000000706a00000, 0x0000000706b00000|  0%| F|  |TAMS 0x0000000706a00000, 0x0000000706a00000| Untracked 
|  95|0x0000000706b00000, 0x0000000706b00000, 0x0000000706c00000|  0%| F|  |TAMS 0x0000000706b00000, 0x0000000706b00000| Untracked 
|  96|0x0000000706c00000, 0x0000000706c00000, 0x0000000706d00000|  0%| F|  |TAMS 0x0000000706c00000, 0x0000000706c00000| Untracked 
|  97|0x0000000706d00000, 0x0000000706d00000, 0x0000000706e00000|  0%| F|  |TAMS 0x0000000706d00000, 0x0000000706d00000| Untracked 
|  98|0x0000000706e00000, 0x0000000706e00000, 0x0000000706f00000|  0%| F|  |TAMS 0x0000000706e00000, 0x0000000706e00000| Untracked 
|  99|0x0000000706f00000, 0x0000000706f00000, 0x0000000707000000|  0%| F|  |TAMS 0x0000000706f00000, 0x0000000706f00000| Untracked 
| 100|0x0000000707000000, 0x0000000707000000, 0x0000000707100000|  0%| F|  |TAMS 0x0000000707000000, 0x0000000707000000| Untracked 
| 101|0x0000000707100000, 0x0000000707100000, 0x0000000707200000|  0%| F|  |TAMS 0x0000000707100000, 0x0000000707100000| Untracked 
| 102|0x0000000707200000, 0x0000000707200000, 0x0000000707300000|  0%| F|  |TAMS 0x0000000707200000, 0x0000000707200000| Untracked 
| 103|0x0000000707300000, 0x0000000707300000, 0x0000000707400000|  0%| F|  |TAMS 0x0000000707300000, 0x0000000707300000| Untracked 
| 104|0x0000000707400000, 0x0000000707400000, 0x0000000707500000|  0%| F|  |TAMS 0x0000000707400000, 0x0000000707400000| Untracked 
| 105|0x0000000707500000, 0x0000000707500000, 0x0000000707600000|  0%| F|  |TAMS 0x0000000707500000, 0x0000000707500000| Untracked 
| 106|0x0000000707600000, 0x0000000707600000, 0x0000000707700000|  0%| F|  |TAMS 0x0000000707600000, 0x0000000707600000| Untracked 
| 107|0x0000000707700000, 0x0000000707700000, 0x0000000707800000|  0%| F|  |TAMS 0x0000000707700000, 0x0000000707700000| Untracked 
| 108|0x0000000707800000, 0x0000000707800000, 0x0000000707900000|  0%| F|  |TAMS 0x0000000707800000, 0x0000000707800000| Untracked 
| 109|0x0000000707900000, 0x0000000707900000, 0x0000000707a00000|  0%| F|  |TAMS 0x0000000707900000, 0x0000000707900000| Untracked 
| 110|0x0000000707a00000, 0x0000000707a00000, 0x0000000707b00000|  0%| F|  |TAMS 0x0000000707a00000, 0x0000000707a00000| Untracked 
| 111|0x0000000707b00000, 0x0000000707b00000, 0x0000000707c00000|  0%| F|  |TAMS 0x0000000707b00000, 0x0000000707b00000| Untracked 
| 112|0x0000000707c00000, 0x0000000707c00000, 0x0000000707d00000|  0%| F|  |TAMS 0x0000000707c00000, 0x0000000707c00000| Untracked 
| 113|0x0000000707d00000, 0x0000000707d00000, 0x0000000707e00000|  0%| F|  |TAMS 0x0000000707d00000, 0x0000000707d00000| Untracked 
| 114|0x0000000707e00000, 0x0000000707e00000, 0x0000000707f00000|  0%| F|  |TAMS 0x0000000707e00000, 0x0000000707e00000| Untracked 
| 115|0x0000000707f00000, 0x0000000707f00000, 0x0000000708000000|  0%| F|  |TAMS 0x0000000707f00000, 0x0000000707f00000| Untracked 
| 116|0x0000000708000000, 0x0000000708000000, 0x0000000708100000|  0%| F|  |TAMS 0x0000000708000000, 0x0000000708000000| Untracked 
| 117|0x0000000708100000, 0x0000000708100000, 0x0000000708200000|  0%| F|  |TAMS 0x0000000708100000, 0x0000000708100000| Untracked 
| 118|0x0000000708200000, 0x0000000708200000, 0x0000000708300000|  0%| F|  |TAMS 0x0000000708200000, 0x0000000708200000| Untracked 
| 119|0x0000000708300000, 0x0000000708300000, 0x0000000708400000|  0%| F|  |TAMS 0x0000000708300000, 0x0000000708300000| Untracked 
| 120|0x0000000708400000, 0x0000000708400000, 0x0000000708500000|  0%| F|  |TAMS 0x0000000708400000, 0x0000000708400000| Untracked 
| 121|0x0000000708500000, 0x0000000708500000, 0x0000000708600000|  0%| F|  |TAMS 0x0000000708500000, 0x0000000708500000| Untracked 
| 122|0x0000000708600000, 0x0000000708600000, 0x0000000708700000|  0%| F|  |TAMS 0x0000000708600000, 0x0000000708600000| Untracked 
| 123|0x0000000708700000, 0x0000000708700000, 0x0000000708800000|  0%| F|  |TAMS 0x0000000708700000, 0x0000000708700000| Untracked 
| 124|0x0000000708800000, 0x0000000708800000, 0x0000000708900000|  0%| F|  |TAMS 0x0000000708800000, 0x0000000708800000| Untracked 
| 125|0x0000000708900000, 0x0000000708900000, 0x0000000708a00000|  0%| F|  |TAMS 0x0000000708900000, 0x0000000708900000| Untracked 
| 126|0x0000000708a00000, 0x0000000708a00000, 0x0000000708b00000|  0%| F|  |TAMS 0x0000000708a00000, 0x0000000708a00000| Untracked 
| 127|0x0000000708b00000, 0x0000000708b00000, 0x0000000708c00000|  0%| F|  |TAMS 0x0000000708b00000, 0x0000000708b00000| Untracked 
| 128|0x0000000708c00000, 0x0000000708c00000, 0x0000000708d00000|  0%| F|  |TAMS 0x0000000708c00000, 0x0000000708c00000| Untracked 
| 129|0x0000000708d00000, 0x0000000708d00000, 0x0000000708e00000|  0%| F|  |TAMS 0x0000000708d00000, 0x0000000708d00000| Untracked 
| 130|0x0000000708e00000, 0x0000000708e00000, 0x0000000708f00000|  0%| F|  |TAMS 0x0000000708e00000, 0x0000000708e00000| Untracked 
| 131|0x0000000708f00000, 0x0000000708f00000, 0x0000000709000000|  0%| F|  |TAMS 0x0000000708f00000, 0x0000000708f00000| Untracked 
| 132|0x0000000709000000, 0x0000000709000000, 0x0000000709100000|  0%| F|  |TAMS 0x0000000709000000, 0x0000000709000000| Untracked 
| 133|0x0000000709100000, 0x0000000709100000, 0x0000000709200000|  0%| F|  |TAMS 0x0000000709100000, 0x0000000709100000| Untracked 
| 134|0x0000000709200000, 0x0000000709200000, 0x0000000709300000|  0%| F|  |TAMS 0x0000000709200000, 0x0000000709200000| Untracked 
| 135|0x0000000709300000, 0x0000000709300000, 0x0000000709400000|  0%| F|  |TAMS 0x0000000709300000, 0x0000000709300000| Untracked 
| 136|0x0000000709400000, 0x0000000709400000, 0x0000000709500000|  0%| F|  |TAMS 0x0000000709400000, 0x0000000709400000| Untracked 
| 137|0x0000000709500000, 0x0000000709500000, 0x0000000709600000|  0%| F|  |TAMS 0x0000000709500000, 0x0000000709500000| Untracked 
| 138|0x0000000709600000, 0x0000000709600000, 0x0000000709700000|  0%| F|  |TAMS 0x0000000709600000, 0x0000000709600000| Untracked 
| 139|0x0000000709700000, 0x0000000709700000, 0x0000000709800000|  0%| F|  |TAMS 0x0000000709700000, 0x0000000709700000| Untracked 
| 140|0x0000000709800000, 0x0000000709800000, 0x0000000709900000|  0%| F|  |TAMS 0x0000000709800000, 0x0000000709800000| Untracked 
| 141|0x0000000709900000, 0x0000000709900000, 0x0000000709a00000|  0%| F|  |TAMS 0x0000000709900000, 0x0000000709900000| Untracked 
| 142|0x0000000709a00000, 0x0000000709a00000, 0x0000000709b00000|  0%| F|  |TAMS 0x0000000709a00000, 0x0000000709a00000| Untracked 
| 143|0x0000000709b00000, 0x0000000709b00000, 0x0000000709c00000|  0%| F|  |TAMS 0x0000000709b00000, 0x0000000709b00000| Untracked 
| 144|0x0000000709c00000, 0x0000000709c00000, 0x0000000709d00000|  0%| F|  |TAMS 0x0000000709c00000, 0x0000000709c00000| Untracked 
| 145|0x0000000709d00000, 0x0000000709d00000, 0x0000000709e00000|  0%| F|  |TAMS 0x0000000709d00000, 0x0000000709d00000| Untracked 
| 146|0x0000000709e00000, 0x0000000709e00000, 0x0000000709f00000|  0%| F|  |TAMS 0x0000000709e00000, 0x0000000709e00000| Untracked 
| 147|0x0000000709f00000, 0x0000000709f00000, 0x000000070a000000|  0%| F|  |TAMS 0x0000000709f00000, 0x0000000709f00000| Untracked 
| 148|0x000000070a000000, 0x000000070a000000, 0x000000070a100000|  0%| F|  |TAMS 0x000000070a000000, 0x000000070a000000| Untracked 
| 149|0x000000070a100000, 0x000000070a100000, 0x000000070a200000|  0%| F|  |TAMS 0x000000070a100000, 0x000000070a100000| Untracked 
| 150|0x000000070a200000, 0x000000070a200000, 0x000000070a300000|  0%| F|  |TAMS 0x000000070a200000, 0x000000070a200000| Untracked 
| 151|0x000000070a300000, 0x000000070a300000, 0x000000070a400000|  0%| F|  |TAMS 0x000000070a300000, 0x000000070a300000| Untracked 
| 152|0x000000070a400000, 0x000000070a400000, 0x000000070a500000|  0%| F|  |TAMS 0x000000070a400000, 0x000000070a400000| Untracked 
| 153|0x000000070a500000, 0x000000070a500000, 0x000000070a600000|  0%| F|  |TAMS 0x000000070a500000, 0x000000070a500000| Untracked 
| 154|0x000000070a600000, 0x000000070a600000, 0x000000070a700000|  0%| F|  |TAMS 0x000000070a600000, 0x000000070a600000| Untracked 
| 155|0x000000070a700000, 0x000000070a700000, 0x000000070a800000|  0%| F|  |TAMS 0x000000070a700000, 0x000000070a700000| Untracked 
| 156|0x000000070a800000, 0x000000070a800000, 0x000000070a900000|  0%| F|  |TAMS 0x000000070a800000, 0x000000070a800000| Untracked 
| 157|0x000000070a900000, 0x000000070a900000, 0x000000070aa00000|  0%| F|  |TAMS 0x000000070a900000, 0x000000070a900000| Untracked 
| 158|0x000000070aa00000, 0x000000070aa00000, 0x000000070ab00000|  0%| F|  |TAMS 0x000000070aa00000, 0x000000070aa00000| Untracked 
| 159|0x000000070ab00000, 0x000000070ab00000, 0x000000070ac00000|  0%| F|  |TAMS 0x000000070ab00000, 0x000000070ab00000| Untracked 
| 160|0x000000070ac00000, 0x000000070ac00000, 0x000000070ad00000|  0%| F|  |TAMS 0x000000070ac00000, 0x000000070ac00000| Untracked 
| 161|0x000000070ad00000, 0x000000070ad00000, 0x000000070ae00000|  0%| F|  |TAMS 0x000000070ad00000, 0x000000070ad00000| Untracked 
| 162|0x000000070ae00000, 0x000000070ae00000, 0x000000070af00000|  0%| F|  |TAMS 0x000000070ae00000, 0x000000070ae00000| Untracked 
| 163|0x000000070af00000, 0x000000070af00000, 0x000000070b000000|  0%| F|  |TAMS 0x000000070af00000, 0x000000070af00000| Untracked 
| 164|0x000000070b000000, 0x000000070b000000, 0x000000070b100000|  0%| F|  |TAMS 0x000000070b000000, 0x000000070b000000| Untracked 
| 165|0x000000070b100000, 0x000000070b100000, 0x000000070b200000|  0%| F|  |TAMS 0x000000070b100000, 0x000000070b100000| Untracked 
| 166|0x000000070b200000, 0x000000070b200000, 0x000000070b300000|  0%| F|  |TAMS 0x000000070b200000, 0x000000070b200000| Untracked 
| 167|0x000000070b300000, 0x000000070b300000, 0x000000070b400000|  0%| F|  |TAMS 0x000000070b300000, 0x000000070b300000| Untracked 
| 168|0x000000070b400000, 0x000000070b400000, 0x000000070b500000|  0%| F|  |TAMS 0x000000070b400000, 0x000000070b400000| Untracked 
| 169|0x000000070b500000, 0x000000070b500000, 0x000000070b600000|  0%| F|  |TAMS 0x000000070b500000, 0x000000070b500000| Untracked 
| 170|0x000000070b600000, 0x000000070b600000, 0x000000070b700000|  0%| F|  |TAMS 0x000000070b600000, 0x000000070b600000| Untracked 
| 171|0x000000070b700000, 0x000000070b700000, 0x000000070b800000|  0%| F|  |TAMS 0x000000070b700000, 0x000000070b700000| Untracked 
| 172|0x000000070b800000, 0x000000070b800000, 0x000000070b900000|  0%| F|  |TAMS 0x000000070b800000, 0x000000070b800000| Untracked 
| 173|0x000000070b900000, 0x000000070b900000, 0x000000070ba00000|  0%| F|  |TAMS 0x000000070b900000, 0x000000070b900000| Untracked 
| 174|0x000000070ba00000, 0x000000070ba00000, 0x000000070bb00000|  0%| F|  |TAMS 0x000000070ba00000, 0x000000070ba00000| Untracked 
| 175|0x000000070bb00000, 0x000000070bb00000, 0x000000070bc00000|  0%| F|  |TAMS 0x000000070bb00000, 0x000000070bb00000| Untracked 
| 176|0x000000070bc00000, 0x000000070bc00000, 0x000000070bd00000|  0%| F|  |TAMS 0x000000070bc00000, 0x000000070bc00000| Untracked 
| 177|0x000000070bd00000, 0x000000070bd00000, 0x000000070be00000|  0%| F|  |TAMS 0x000000070bd00000, 0x000000070bd00000| Untracked 
| 178|0x000000070be00000, 0x000000070be00000, 0x000000070bf00000|  0%| F|  |TAMS 0x000000070be00000, 0x000000070be00000| Untracked 
| 179|0x000000070bf00000, 0x000000070bf00000, 0x000000070c000000|  0%| F|  |TAMS 0x000000070bf00000, 0x000000070bf00000| Untracked 
| 180|0x000000070c000000, 0x000000070c000000, 0x000000070c100000|  0%| F|  |TAMS 0x000000070c000000, 0x000000070c000000| Untracked 
| 181|0x000000070c100000, 0x000000070c100000, 0x000000070c200000|  0%| F|  |TAMS 0x000000070c100000, 0x000000070c100000| Untracked 
| 182|0x000000070c200000, 0x000000070c200000, 0x000000070c300000|  0%| F|  |TAMS 0x000000070c200000, 0x000000070c200000| Untracked 
| 183|0x000000070c300000, 0x000000070c300000, 0x000000070c400000|  0%| F|  |TAMS 0x000000070c300000, 0x000000070c300000| Untracked 
| 184|0x000000070c400000, 0x000000070c400000, 0x000000070c500000|  0%| F|  |TAMS 0x000000070c400000, 0x000000070c400000| Untracked 
| 185|0x000000070c500000, 0x000000070c500000, 0x000000070c600000|  0%| F|  |TAMS 0x000000070c500000, 0x000000070c500000| Untracked 
| 186|0x000000070c600000, 0x000000070c600000, 0x000000070c700000|  0%| F|  |TAMS 0x000000070c600000, 0x000000070c600000| Untracked 
| 187|0x000000070c700000, 0x000000070c700000, 0x000000070c800000|  0%| F|  |TAMS 0x000000070c700000, 0x000000070c700000| Untracked 
| 188|0x000000070c800000, 0x000000070c800000, 0x000000070c900000|  0%| F|  |TAMS 0x000000070c800000, 0x000000070c800000| Untracked 
| 189|0x000000070c900000, 0x000000070c900000, 0x000000070ca00000|  0%| F|  |TAMS 0x000000070c900000, 0x000000070c900000| Untracked 
| 190|0x000000070ca00000, 0x000000070ca00000, 0x000000070cb00000|  0%| F|  |TAMS 0x000000070ca00000, 0x000000070ca00000| Untracked 
| 191|0x000000070cb00000, 0x000000070cb00000, 0x000000070cc00000|  0%| F|  |TAMS 0x000000070cb00000, 0x000000070cb00000| Untracked 
| 192|0x000000070cc00000, 0x000000070cc00000, 0x000000070cd00000|  0%| F|  |TAMS 0x000000070cc00000, 0x000000070cc00000| Untracked 
| 193|0x000000070cd00000, 0x000000070cd00000, 0x000000070ce00000|  0%| F|  |TAMS 0x000000070cd00000, 0x000000070cd00000| Untracked 
| 194|0x000000070ce00000, 0x000000070ce00000, 0x000000070cf00000|  0%| F|  |TAMS 0x000000070ce00000, 0x000000070ce00000| Untracked 
| 195|0x000000070cf00000, 0x000000070cf00000, 0x000000070d000000|  0%| F|  |TAMS 0x000000070cf00000, 0x000000070cf00000| Untracked 
| 196|0x000000070d000000, 0x000000070d000000, 0x000000070d100000|  0%| F|  |TAMS 0x000000070d000000, 0x000000070d000000| Untracked 
| 197|0x000000070d100000, 0x000000070d100000, 0x000000070d200000|  0%| F|  |TAMS 0x000000070d100000, 0x000000070d100000| Untracked 
| 198|0x000000070d200000, 0x000000070d200000, 0x000000070d300000|  0%| F|  |TAMS 0x000000070d200000, 0x000000070d200000| Untracked 
| 199|0x000000070d300000, 0x000000070d300000, 0x000000070d400000|  0%| F|  |TAMS 0x000000070d300000, 0x000000070d300000| Untracked 
| 200|0x000000070d400000, 0x000000070d400000, 0x000000070d500000|  0%| F|  |TAMS 0x000000070d400000, 0x000000070d400000| Untracked 
| 201|0x000000070d500000, 0x000000070d500000, 0x000000070d600000|  0%| F|  |TAMS 0x000000070d500000, 0x000000070d500000| Untracked 
| 202|0x000000070d600000, 0x000000070d600000, 0x000000070d700000|  0%| F|  |TAMS 0x000000070d600000, 0x000000070d600000| Untracked 
| 203|0x000000070d700000, 0x000000070d700000, 0x000000070d800000|  0%| F|  |TAMS 0x000000070d700000, 0x000000070d700000| Untracked 
| 204|0x000000070d800000, 0x000000070d800000, 0x000000070d900000|  0%| F|  |TAMS 0x000000070d800000, 0x000000070d800000| Untracked 
| 205|0x000000070d900000, 0x000000070d900000, 0x000000070da00000|  0%| F|  |TAMS 0x000000070d900000, 0x000000070d900000| Untracked 
| 206|0x000000070da00000, 0x000000070da00000, 0x000000070db00000|  0%| F|  |TAMS 0x000000070da00000, 0x000000070da00000| Untracked 
| 207|0x000000070db00000, 0x000000070db00000, 0x000000070dc00000|  0%| F|  |TAMS 0x000000070db00000, 0x000000070db00000| Untracked 
| 208|0x000000070dc00000, 0x000000070dc00000, 0x000000070dd00000|  0%| F|  |TAMS 0x000000070dc00000, 0x000000070dc00000| Untracked 
| 209|0x000000070dd00000, 0x000000070dd00000, 0x000000070de00000|  0%| F|  |TAMS 0x000000070dd00000, 0x000000070dd00000| Untracked 
| 210|0x000000070de00000, 0x000000070de00000, 0x000000070df00000|  0%| F|  |TAMS 0x000000070de00000, 0x000000070de00000| Untracked 
| 211|0x000000070df00000, 0x000000070df00000, 0x000000070e000000|  0%| F|  |TAMS 0x000000070df00000, 0x000000070df00000| Untracked 
| 212|0x000000070e000000, 0x000000070e000000, 0x000000070e100000|  0%| F|  |TAMS 0x000000070e000000, 0x000000070e000000| Untracked 
| 213|0x000000070e100000, 0x000000070e100000, 0x000000070e200000|  0%| F|  |TAMS 0x000000070e100000, 0x000000070e100000| Untracked 
| 214|0x000000070e200000, 0x000000070e200000, 0x000000070e300000|  0%| F|  |TAMS 0x000000070e200000, 0x000000070e200000| Untracked 
| 215|0x000000070e300000, 0x000000070e300000, 0x000000070e400000|  0%| F|  |TAMS 0x000000070e300000, 0x000000070e300000| Untracked 
| 216|0x000000070e400000, 0x000000070e400000, 0x000000070e500000|  0%| F|  |TAMS 0x000000070e400000, 0x000000070e400000| Untracked 
| 217|0x000000070e500000, 0x000000070e500000, 0x000000070e600000|  0%| F|  |TAMS 0x000000070e500000, 0x000000070e500000| Untracked 
| 218|0x000000070e600000, 0x000000070e600000, 0x000000070e700000|  0%| F|  |TAMS 0x000000070e600000, 0x000000070e600000| Untracked 
| 219|0x000000070e700000, 0x000000070e700000, 0x000000070e800000|  0%| F|  |TAMS 0x000000070e700000, 0x000000070e700000| Untracked 
| 220|0x000000070e800000, 0x000000070e800000, 0x000000070e900000|  0%| F|  |TAMS 0x000000070e800000, 0x000000070e800000| Untracked 
| 221|0x000000070e900000, 0x000000070e900000, 0x000000070ea00000|  0%| F|  |TAMS 0x000000070e900000, 0x000000070e900000| Untracked 
| 222|0x000000070ea00000, 0x000000070ea00000, 0x000000070eb00000|  0%| F|  |TAMS 0x000000070ea00000, 0x000000070ea00000| Untracked 
| 223|0x000000070eb00000, 0x000000070eb00000, 0x000000070ec00000|  0%| F|  |TAMS 0x000000070eb00000, 0x000000070eb00000| Untracked 
| 224|0x000000070ec00000, 0x000000070ec00000, 0x000000070ed00000|  0%| F|  |TAMS 0x000000070ec00000, 0x000000070ec00000| Untracked 
| 225|0x000000070ed00000, 0x000000070ed00000, 0x000000070ee00000|  0%| F|  |TAMS 0x000000070ed00000, 0x000000070ed00000| Untracked 
| 226|0x000000070ee00000, 0x000000070ee00000, 0x000000070ef00000|  0%| F|  |TAMS 0x000000070ee00000, 0x000000070ee00000| Untracked 
| 227|0x000000070ef00000, 0x000000070ef00000, 0x000000070f000000|  0%| F|  |TAMS 0x000000070ef00000, 0x000000070ef00000| Untracked 
| 228|0x000000070f000000, 0x000000070f000000, 0x000000070f100000|  0%| F|  |TAMS 0x000000070f000000, 0x000000070f000000| Untracked 
| 229|0x000000070f100000, 0x000000070f100000, 0x000000070f200000|  0%| F|  |TAMS 0x000000070f100000, 0x000000070f100000| Untracked 
| 230|0x000000070f200000, 0x000000070f200000, 0x000000070f300000|  0%| F|  |TAMS 0x000000070f200000, 0x000000070f200000| Untracked 
| 231|0x000000070f300000, 0x000000070f300000, 0x000000070f400000|  0%| F|  |TAMS 0x000000070f300000, 0x000000070f300000| Untracked 
| 232|0x000000070f400000, 0x000000070f400000, 0x000000070f500000|  0%| F|  |TAMS 0x000000070f400000, 0x000000070f400000| Untracked 
| 233|0x000000070f500000, 0x000000070f500000, 0x000000070f600000|  0%| F|  |TAMS 0x000000070f500000, 0x000000070f500000| Untracked 
| 234|0x000000070f600000, 0x000000070f600000, 0x000000070f700000|  0%| F|  |TAMS 0x000000070f600000, 0x000000070f600000| Untracked 
| 235|0x000000070f700000, 0x000000070f700000, 0x000000070f800000|  0%| F|  |TAMS 0x000000070f700000, 0x000000070f700000| Untracked 
| 236|0x000000070f800000, 0x000000070f820010, 0x000000070f900000| 12%| E|  |TAMS 0x000000070f800000, 0x000000070f800000| Complete 
| 237|0x000000070f900000, 0x000000070f9f6450, 0x000000070fa00000| 96%| E|  |TAMS 0x000000070f900000, 0x000000070f900000| Complete 
| 238|0x000000070fa00000, 0x000000070fb00000, 0x000000070fb00000|100%| E|CS|TAMS 0x000000070fa00000, 0x000000070fa00000| Complete 
| 239|0x000000070fb00000, 0x000000070fc00000, 0x000000070fc00000|100%| E|CS|TAMS 0x000000070fb00000, 0x000000070fb00000| Complete 
| 240|0x000000070fc00000, 0x000000070fd00000, 0x000000070fd00000|100%| E|CS|TAMS 0x000000070fc00000, 0x000000070fc00000| Complete 
| 241|0x000000070fd00000, 0x000000070fe00000, 0x000000070fe00000|100%| E|CS|TAMS 0x000000070fd00000, 0x000000070fd00000| Complete 
| 242|0x000000070fe00000, 0x000000070ff00000, 0x000000070ff00000|100%| E|CS|TAMS 0x000000070fe00000, 0x000000070fe00000| Complete 
| 243|0x000000070ff00000, 0x0000000710000000, 0x0000000710000000|100%| E|CS|TAMS 0x000000070ff00000, 0x000000070ff00000| Complete 
| 244|0x0000000710000000, 0x0000000710100000, 0x0000000710100000|100%| E|CS|TAMS 0x0000000710000000, 0x0000000710000000| Complete 
| 245|0x0000000710100000, 0x0000000710200000, 0x0000000710200000|100%| E|CS|TAMS 0x0000000710100000, 0x0000000710100000| Complete 
| 246|0x0000000710200000, 0x0000000710300000, 0x0000000710300000|100%| E|CS|TAMS 0x0000000710200000, 0x0000000710200000| Complete 
| 247|0x0000000710300000, 0x0000000710400000, 0x0000000710400000|100%| E|CS|TAMS 0x0000000710300000, 0x0000000710300000| Complete 
| 248|0x0000000710400000, 0x0000000710500000, 0x0000000710500000|100%| E|CS|TAMS 0x0000000710400000, 0x0000000710400000| Complete 
| 249|0x0000000710500000, 0x0000000710600000, 0x0000000710600000|100%| E|CS|TAMS 0x0000000710500000, 0x0000000710500000| Complete 
| 250|0x0000000710600000, 0x0000000710700000, 0x0000000710700000|100%| E|CS|TAMS 0x0000000710600000, 0x0000000710600000| Complete 
| 251|0x0000000710700000, 0x0000000710800000, 0x0000000710800000|100%| E|CS|TAMS 0x0000000710700000, 0x0000000710700000| Complete 
| 252|0x0000000710800000, 0x0000000710900000, 0x0000000710900000|100%| E|CS|TAMS 0x0000000710800000, 0x0000000710800000| Complete 
| 253|0x0000000710900000, 0x0000000710a00000, 0x0000000710a00000|100%| E|CS|TAMS 0x0000000710900000, 0x0000000710900000| Complete 
| 254|0x0000000710a00000, 0x0000000710b00000, 0x0000000710b00000|100%| E|CS|TAMS 0x0000000710a00000, 0x0000000710a00000| Complete 
| 255|0x0000000710b00000, 0x0000000710c00000, 0x0000000710c00000|100%| E|CS|TAMS 0x0000000710b00000, 0x0000000710b00000| Complete 

Card table byte_map: [0x000001d697d40000,0x000001d698540000] _byte_map_base: 0x000001d69453a000

Marking Bits (Prev, Next): (CMBitMap*) 0x000001d682650c28, (CMBitMap*) 0x000001d682650c60
 Prev Bits: [0x000001d698d40000, 0x000001d69cd10000)
 Next Bits: [0x000001d69cd10000, 0x000001d6a0ce0000)

Polling page: 0x000001d682430000

Metaspace:

Usage:
  Non-class:     10.59 MB capacity,    10.48 MB ( 99%) used,   102.37 KB ( <1%) free+waste,     8.81 KB ( <1%) overhead. 
      Class:    993.00 KB capacity,   936.63 KB ( 94%) used,    53.62 KB (  5%) free+waste,     2.75 KB ( <1%) overhead. 
       Both:     11.56 MB capacity,    11.40 MB ( 99%) used,   155.98 KB (  1%) free+waste,    11.56 KB ( <1%) overhead. 

Virtual space:
  Non-class space:       12.00 MB reserved,      10.75 MB ( 90%) committed 
      Class space:        1.00 GB reserved,       1.00 MB ( <1%) committed 
             Both:        1.01 GB reserved,      11.75 MB (  1%) committed 

Chunk freelists:
   Non-Class:  97.00 KB
       Class:  31.00 KB
        Both:  128.00 KB

MaxMetaspaceSize: 17179869184.00 GB
CompressedClassSpaceSize: 1.00 GB

CodeHeap 'non-profiled nmethods': size=120000Kb used=716Kb max_used=716Kb free=119283Kb
 bounds [0x000001d68f390000, 0x000001d68f600000, 0x000001d6968c0000]
CodeHeap 'profiled nmethods': size=120000Kb used=2784Kb max_used=2784Kb free=117216Kb
 bounds [0x000001d687e60000, 0x000001d688120000, 0x000001d68f390000]
CodeHeap 'non-nmethods': size=5760Kb used=1185Kb max_used=1206Kb free=4574Kb
 bounds [0x000001d6878c0000, 0x000001d687b30000, 0x000001d687e60000]
 total_blobs=1802 nmethods=1257 adapters=457
 compilation: enabled
              stopped_count=0, restarted_count=0
 full_count=0

Compilation events (20 events):
Event: 6.053 Thread 0x000001d6a3a8c800 nmethod 1248 0x000001d688112c10 code [0x000001d688112e60, 0x000001d688113578]
Event: 6.053 Thread 0x000001d6a3a8c800 1247       3       javazoom.jl.decoder.OutputBuffer::clip (30 bytes)
Event: 6.053 Thread 0x000001d6a3a8c800 nmethod 1247 0x000001d688113810 code [0x000001d688113a00, 0x000001d688113c38]
Event: 6.053 Thread 0x000001d6a3a8c800 1246       3       javazoom.jl.decoder.LayerIIIDecoder::decode (572 bytes)
Event: 6.054 Thread 0x000001d6a3a8c800 nmethod 1246 0x000001d688113d10 code [0x000001d6881140c0, 0x000001d6881153a8]
Event: 6.119 Thread 0x000001d6a3a8a000 1249       4       javazoom.jl.decoder.LayerIIIDecoder::antialias (198 bytes)
Event: 6.120 Thread 0x000001d6a3a8c800 1256 %     3       javazoom.jl.decoder.LayerIIIDecoder::decode @ 409 (572 bytes)
Event: 6.121 Thread 0x000001d6a3a8c800 nmethod 1256% 0x000001d688115d90 code [0x000001d688116140, 0x000001d688117568]
Event: 6.121 Thread 0x000001d6abce4000 1257       4       javazoom.jl.decoder.OutputBuffer::appendSamples (81 bytes)
Event: 6.121 Thread 0x000001d6abce2000 1258 %     4       javazoom.jl.decoder.LayerIIIDecoder::decode @ 16 (572 bytes)
Event: 6.123 Thread 0x000001d6a3a8a000 nmethod 1249 0x000001d68f43fa10 code [0x000001d68f43fbc0, 0x000001d68f43ff58]
Event: 6.123 Thread 0x000001d6a3a8a000 1254       4       javazoom.jl.decoder.SynthesisFilter::compute_pcm_samples13 (265 bytes)
Event: 6.125 Thread 0x000001d6abce4000 nmethod 1257 0x000001d68f440190 code [0x000001d68f440360, 0x000001d68f4407d8]
Event: 6.125 Thread 0x000001d6abce4000 1255       4       javazoom.jl.decoder.SynthesisFilter::compute_pcm_samples14 (265 bytes)
Event: 6.125 Thread 0x000001d6a3a8a000 nmethod 1254 0x000001d68f440990 code [0x000001d68f440b20, 0x000001d68f440db8]
Event: 6.125 Thread 0x000001d6a3a8a000 1253       4       javazoom.jl.decoder.SynthesisFilter::compute_pcm_samples12 (265 bytes)
Event: 6.127 Thread 0x000001d6abce4000 nmethod 1255 0x000001d68f440f10 code [0x000001d68f4410a0, 0x000001d68f441338]
Event: 6.127 Thread 0x000001d6abce4000 1252       4       javazoom.jl.decoder.SynthesisFilter::compute_pcm_samples11 (265 bytes)
Event: 6.128 Thread 0x000001d6a3a8a000 nmethod 1253 0x000001d68f441490 code [0x000001d68f441620, 0x000001d68f4418b8]
Event: 6.128 Thread 0x000001d6a3a8a000 1251       4       javazoom.jl.decoder.SynthesisFilter::compute_pcm_samples10 (265 bytes)

GC Heap History (0 events):
No events

Deoptimization events (20 events):
Event: 6.119 Thread 0x000001d6a4d40800 DEOPT PACKING pc=0x000001d6880a1be0 sp=0x00000089ab8fead0
Event: 6.119 Thread 0x000001d6a4d40800 DEOPT UNPACKING pc=0x000001d6878e794e sp=0x00000089ab8fdf30 mode 0
Event: 6.119 Thread 0x000001d6a4d40800 DEOPT PACKING pc=0x000001d688115096 sp=0x00000089ab8feb20
Event: 6.119 Thread 0x000001d6a4d40800 DEOPT UNPACKING pc=0x000001d6878e794e sp=0x00000089ab8fdfc8 mode 0
Event: 6.119 Thread 0x000001d6a4d40800 DEOPT PACKING pc=0x000001d688115184 sp=0x00000089ab8feb20
Event: 6.119 Thread 0x000001d6a4d40800 DEOPT UNPACKING pc=0x000001d6878e794e sp=0x00000089ab8fdfc8 mode 0
Event: 6.120 Thread 0x000001d6a4d40800 DEOPT PACKING pc=0x000001d6880a1be0 sp=0x00000089ab8fead0
Event: 6.120 Thread 0x000001d6a4d40800 DEOPT UNPACKING pc=0x000001d6878e794e sp=0x00000089ab8fdf30 mode 0
Event: 6.120 Thread 0x000001d6a4d40800 DEOPT PACKING pc=0x000001d688115184 sp=0x00000089ab8feb20
Event: 6.120 Thread 0x000001d6a4d40800 DEOPT UNPACKING pc=0x000001d6878e794e sp=0x00000089ab8fdfc8 mode 0
Event: 6.120 Thread 0x000001d6a4d40800 DEOPT PACKING pc=0x000001d688115184 sp=0x00000089ab8feb20
Event: 6.120 Thread 0x000001d6a4d40800 DEOPT UNPACKING pc=0x000001d6878e794e sp=0x00000089ab8fdfc8 mode 0
Event: 6.121 Thread 0x000001d6a4d40800 DEOPT PACKING pc=0x000001d6880a1be0 sp=0x00000089ab8fead0
Event: 6.121 Thread 0x000001d6a4d40800 DEOPT UNPACKING pc=0x000001d6878e794e sp=0x00000089ab8fdf30 mode 0
Event: 6.122 Thread 0x000001d6a4d40800 DEOPT PACKING pc=0x000001d688115184 sp=0x00000089ab8feb20
Event: 6.122 Thread 0x000001d6a4d40800 DEOPT UNPACKING pc=0x000001d6878e794e sp=0x00000089ab8fdfc8 mode 0
Event: 6.122 Thread 0x000001d6a4d40800 DEOPT PACKING pc=0x000001d6880a1be0 sp=0x00000089ab8fead0
Event: 6.122 Thread 0x000001d6a4d40800 DEOPT UNPACKING pc=0x000001d6878e794e sp=0x00000089ab8fdf30 mode 0
Event: 6.122 Thread 0x000001d6a4d40800 DEOPT PACKING pc=0x000001d688115184 sp=0x00000089ab8feb20
Event: 6.122 Thread 0x000001d6a4d40800 DEOPT UNPACKING pc=0x000001d6878e794e sp=0x00000089ab8fdfc8 mode 0

Classes redefined (0 events):
No events

Internal exceptions (7 events):
Event: 0.159 Thread 0x000001d6825f3800 Exception <a 'java/security/PrivilegedActionException'{0x000000071087c868}> (0x000000071087c868) thrown at [./src/hotspot/share/prims/jvm.cpp, line 1306]
Event: 0.159 Thread 0x000001d6825f3800 Exception <a 'java/security/PrivilegedActionException'{0x000000071087f048}> (0x000000071087f048) thrown at [./src/hotspot/share/prims/jvm.cpp, line 1306]
Event: 0.159 Thread 0x000001d6825f3800 Exception <a 'java/security/PrivilegedActionException'{0x0000000710880040}> (0x0000000710880040) thrown at [./src/hotspot/share/prims/jvm.cpp, line 1306]
Event: 0.162 Thread 0x000001d6825f3800 Exception <a 'java/security/PrivilegedActionException'{0x00000007108920c8}> (0x00000007108920c8) thrown at [./src/hotspot/share/prims/jvm.cpp, line 1306]
Event: 0.162 Thread 0x000001d6825f3800 Exception <a 'java/security/PrivilegedActionException'{0x0000000710892c88}> (0x0000000710892c88) thrown at [./src/hotspot/share/prims/jvm.cpp, line 1306]
Event: 0.162 Thread 0x000001d6825f3800 Exception <a 'java/security/PrivilegedActionException'{0x0000000710893808}> (0x0000000710893808) thrown at [./src/hotspot/share/prims/jvm.cpp, line 1306]
Event: 0.699 Thread 0x000001d6a4d40800 Exception <a 'java/lang/NoSuchMethodError'{0x000000070fbc3d20}: 'int java.lang.invoke.DirectMethodHandle$Holder.invokeSpecialIFC(java.lang.Object, java.lang.Object, int)'> (0x000000070fbc3d20) thrown at [./src/hotspot/share/interpreter/linkResolver.cpp, line 773]

Events (20 events):
Event: 3.851 Thread 0x000001d6abce0800 Thread added: 0x000001d6abce0800
Event: 3.901 Executing VM operation: RevokeBias
Event: 3.901 Executing VM operation: RevokeBias done
Event: 3.901 loading class java/lang/Long$LongCache
Event: 3.901 loading class java/lang/Long$LongCache done
Event: 3.901 loading class com/badlogic/gdx/scenes/scene2d/actions/Actions
Event: 3.901 loading class com/badlogic/gdx/scenes/scene2d/actions/Actions done
Event: 3.902 loading class com/jumanji/screens/GameScreen$1
Event: 3.902 loading class com/jumanji/screens/GameScreen$1 done
Event: 4.167 Thread 0x000001d6abce0800 Thread exited: 0x000001d6abce0800
Event: 4.167 Thread 0x000001d6abce5800 Thread exited: 0x000001d6abce5800
Event: 4.860 Loaded shared library C:\Users\eduar\AppData\Local\Temp\libgdxeduar\e1cd32f8\gdx64.dll
Event: 5.418 Executing VM operation: RevokeBias
Event: 5.418 Executing VM operation: RevokeBias done
Event: 5.419 Executing VM operation: RevokeBias
Event: 5.419 Executing VM operation: RevokeBias done
Event: 6.118 Executing VM operation: RevokeBias
Event: 6.119 Executing VM operation: RevokeBias done
Event: 6.121 Thread 0x000001d6abce4000 Thread added: 0x000001d6abce4000
Event: 6.121 Thread 0x000001d6abce2000 Thread added: 0x000001d6abce2000


Dynamic libraries:
0x00007ff7e6d90000 - 0x00007ff7e6d9a000 	D:\AndroidStudio\jre\bin\java.exe
0x00007ff9a3850000 - 0x00007ff9a3a45000 	C:\Windows\SYSTEM32\ntdll.dll
0x00007ff9a2100000 - 0x00007ff9a21be000 	C:\Windows\System32\KERNEL32.DLL
0x00007ff9a12f0000 - 0x00007ff9a15b8000 	C:\Windows\System32\KERNELBASE.dll
0x00007ff9a0f60000 - 0x00007ff9a1060000 	C:\Windows\System32\ucrtbase.dll
0x00007ff989c20000 - 0x00007ff989c37000 	D:\AndroidStudio\jre\bin\VCRUNTIME140.dll
0x00007ff992650000 - 0x00007ff992669000 	D:\AndroidStudio\jre\bin\jli.dll
0x00007ff9a3380000 - 0x00007ff9a3520000 	C:\Windows\System32\USER32.dll
0x00007ff985b90000 - 0x00007ff985e2a000 	C:\Windows\WinSxS\amd64_microsoft.windows.common-controls_6595b64144ccf1df_6.0.19041.1110_none_60b5254171f9507e\COMCTL32.dll
0x00007ff9a16c0000 - 0x00007ff9a16e2000 	C:\Windows\System32\win32u.dll
0x00007ff9a3200000 - 0x00007ff9a329e000 	C:\Windows\System32\msvcrt.dll
0x00007ff9a2da0000 - 0x00007ff9a2dcb000 	C:\Windows\System32\GDI32.dll
0x00007ff9a1060000 - 0x00007ff9a116d000 	C:\Windows\System32\gdi32full.dll
0x00007ff9a1220000 - 0x00007ff9a12bd000 	C:\Windows\System32\msvcp_win.dll
0x00007ff9a3720000 - 0x00007ff9a3750000 	C:\Windows\System32\IMM32.DLL
0x00007ff97bde0000 - 0x00007ff97be7d000 	D:\AndroidStudio\jre\bin\msvcp140.dll
0x00007ff920e70000 - 0x00007ff92193f000 	D:\AndroidStudio\jre\bin\server\jvm.dll
0x00007ff9a3150000 - 0x00007ff9a31fe000 	C:\Windows\System32\ADVAPI32.dll
0x00007ff9a1db0000 - 0x00007ff9a1e4c000 	C:\Windows\System32\sechost.dll
0x00007ff9a1fd0000 - 0x00007ff9a20f5000 	C:\Windows\System32\RPCRT4.dll
0x00007ff9a1cb0000 - 0x00007ff9a1cb8000 	C:\Windows\System32\PSAPI.DLL
0x00007ff98c8e0000 - 0x00007ff98c8e9000 	C:\Windows\SYSTEM32\WSOCK32.dll
0x00007ff998e20000 - 0x00007ff998e47000 	C:\Windows\SYSTEM32\WINMM.dll
0x00007ff998e70000 - 0x00007ff998e7a000 	C:\Windows\SYSTEM32\VERSION.dll
0x00007ff9a3650000 - 0x00007ff9a36bb000 	C:\Windows\System32\WS2_32.dll
0x00007ff99ee30000 - 0x00007ff99ee42000 	C:\Windows\SYSTEM32\kernel.appcore.dll
0x00007ff921e30000 - 0x00007ff921e41000 	D:\AndroidStudio\jre\bin\verify.dll
0x00007ff995ce0000 - 0x00007ff995ec4000 	C:\Windows\SYSTEM32\DBGHELP.DLL
0x00007ff991110000 - 0x00007ff99113c000 	C:\Windows\SYSTEM32\dbgcore.DLL
0x00007ff9a1630000 - 0x00007ff9a16b2000 	C:\Windows\System32\bcryptPrimitives.dll
0x00007ff920e40000 - 0x00007ff920e69000 	D:\AndroidStudio\jre\bin\java.dll
0x00007ff96a6d0000 - 0x00007ff96a6db000 	D:\AndroidStudio\jre\bin\jimage.dll
0x00007ff920e20000 - 0x00007ff920e38000 	D:\AndroidStudio\jre\bin\zip.dll
0x00007ff9a2650000 - 0x00007ff9a2d94000 	C:\Windows\System32\SHELL32.dll
0x00007ff99f030000 - 0x00007ff99f7c4000 	C:\Windows\SYSTEM32\windows.storage.dll
0x00007ff9a2df0000 - 0x00007ff9a3145000 	C:\Windows\System32\combase.dll
0x00007ff9a08d0000 - 0x00007ff9a08fe000 	C:\Windows\SYSTEM32\Wldp.dll
0x00007ff9a1a50000 - 0x00007ff9a1afd000 	C:\Windows\System32\SHCORE.dll
0x00007ff9a1f70000 - 0x00007ff9a1fc5000 	C:\Windows\System32\shlwapi.dll
0x00007ff9a0ea0000 - 0x00007ff9a0ebf000 	C:\Windows\SYSTEM32\profapi.dll
0x00007ff920e00000 - 0x00007ff920e1a000 	D:\AndroidStudio\jre\bin\net.dll
0x00007ff999310000 - 0x00007ff99941c000 	C:\Windows\SYSTEM32\WINHTTP.dll
0x00007ff9a0640000 - 0x00007ff9a06aa000 	C:\Windows\system32\mswsock.dll
0x00007ff920de0000 - 0x00007ff920df4000 	D:\AndroidStudio\jre\bin\nio.dll
0x000000006e700000 - 0x000000006e72a000 	C:\Users\eduar\AppData\Local\Temp\libgdxeduar\e1cd32f8\gdx64.dll
0x0000000180000000 - 0x0000000180053000 	C:\Users\eduar\AppData\Local\Temp\libgdxeduar\1cecf4f6\lwjgl64.dll
0x00007ff940840000 - 0x00007ff940965000 	C:\Windows\SYSTEM32\OPENGL32.dll
0x00007ff940250000 - 0x00007ff94027c000 	C:\Windows\SYSTEM32\GLU32.dll
0x000001d6a5080000 - 0x000001d6a50e4000 	C:\Users\eduar\AppData\Local\Temp\libgdxeduar\1cecf4f6\OpenAL64.dll
0x00007ff9a1920000 - 0x00007ff9a1a4a000 	C:\Windows\System32\ole32.dll
0x00007ff99e950000 - 0x00007ff99e9ee000 	C:\Windows\system32\uxtheme.dll
0x00007ff9a3760000 - 0x00007ff9a3809000 	C:\Windows\System32\clbcatq.dll
0x00007ff9852d0000 - 0x00007ff98536c000 	C:\Windows\SYSTEM32\dsound.dll
0x00007ff98cf20000 - 0x00007ff98cf46000 	C:\Windows\SYSTEM32\winmmbase.dll
0x00007ff9a07f0000 - 0x00007ff9a083b000 	C:\Windows\SYSTEM32\powrprof.dll
0x00007ff9a06b0000 - 0x00007ff9a06c2000 	C:\Windows\SYSTEM32\UMPDC.dll
0x00007ff99af60000 - 0x00007ff99afe5000 	C:\Windows\System32\MMDevApi.dll
0x00007ff9a0d00000 - 0x00007ff9a0d34000 	C:\Windows\System32\DEVOBJ.dll
0x00007ff9a1850000 - 0x00007ff9a189e000 	C:\Windows\System32\cfgmgr32.dll
0x00007ff99ac70000 - 0x00007ff99adf4000 	C:\Windows\SYSTEM32\AUDIOSES.DLL
0x00007ff9a3580000 - 0x00007ff9a364d000 	C:\Windows\System32\OLEAUT32.dll
0x00007ff99ea40000 - 0x00007ff99ea54000 	C:\Windows\SYSTEM32\resourcepolicyclient.dll
0x00007ff99b410000 - 0x00007ff99b4be000 	C:\Windows\SYSTEM32\mscms.dll
0x00007ff9a0e60000 - 0x00007ff9a0e8e000 	C:\Windows\SYSTEM32\USERENV.dll
0x00007ff99ae60000 - 0x00007ff99ae71000 	C:\Windows\SYSTEM32\ColorAdapterClient.dll
0x00007ff98a160000 - 0x00007ff98a1a4000 	C:\Windows\System32\Windows.Internal.Graphics.Display.DisplayColorManagement.dll
0x00007ff9a1e50000 - 0x00007ff9a1f66000 	C:\Windows\System32\MSCTF.dll
0x00007ff98df80000 - 0x00007ff98e079000 	C:\Windows\SYSTEM32\textinputframework.dll
0x00007ff99dd70000 - 0x00007ff99e0ce000 	C:\Windows\System32\CoreUIComponents.dll
0x00007ff99e530000 - 0x00007ff99e622000 	C:\Windows\System32\CoreMessaging.dll
0x00007ff99fc10000 - 0x00007ff99fc43000 	C:\Windows\SYSTEM32\ntmarta.dll
0x00007ff99cd90000 - 0x00007ff99cee4000 	C:\Windows\SYSTEM32\wintypes.dll
0x00007ff99c100000 - 0x00007ff99c1f9000 	C:\Windows\System32\AppXDeploymentClient.dll
0x00007ff9371e0000 - 0x00007ff93720c000 	C:\Windows\System32\DriverStore\FileRepository\u0376724.inf_amd64_aa44b9d5e398e987\B376581\atig6pxx.dll
0x00007ff92ac70000 - 0x00007ff92dad0000 	C:\Windows\System32\DriverStore\FileRepository\u0376724.inf_amd64_aa44b9d5e398e987\B376581\atio6axx.dll
0x00007ff9a21c0000 - 0x00007ff9a2632000 	C:\Windows\System32\SETUPAPI.dll
0x00007ff991290000 - 0x00007ff9912b4000 	C:\Windows\SYSTEM32\dxva2.dll
0x00007ff9a12c0000 - 0x00007ff9a12e7000 	C:\Windows\System32\bcrypt.dll
0x00007ff99eb40000 - 0x00007ff99eb6f000 	C:\Windows\SYSTEM32\dwmapi.dll
0x00007ff92db90000 - 0x00007ff92dbcf000 	C:\Windows\System32\DriverStore\FileRepository\u0376724.inf_amd64_aa44b9d5e398e987\B376581\atig6txx.dll
0x00007ff9374f0000 - 0x00007ff9376c0000 	C:\Windows\SYSTEM32\atiadlxx.dll
0x00007ff98d430000 - 0x00007ff98d479000 	C:\Windows\SYSTEM32\pdh.dll
0x00007ff99c940000 - 0x00007ff99ca36000 	C:\Windows\SYSTEM32\PROPSYS.dll
0x00007ff9a15c0000 - 0x00007ff9a1629000 	C:\Windows\System32\WINTRUST.dll
0x00007ff9a16f0000 - 0x00007ff9a1846000 	C:\Windows\System32\CRYPT32.dll
0x00007ff9a0b40000 - 0x00007ff9a0b52000 	C:\Windows\SYSTEM32\MSASN1.dll
0x00007ff99aaf0000 - 0x00007ff99ab2b000 	C:\Windows\SYSTEM32\dxcore.dll
0x00007ff96d3b0000 - 0x00007ff96d3f3000 	C:\Windows\SYSTEM32\icm32.dll
0x0000000066b00000 - 0x0000000066b5b000 	C:\Users\eduar\AppData\Local\Temp\libgdxeduar\a14961b7\gdx-box2d64.dll

dbghelp: loaded successfully - version: 4.0.5 - missing functions: none
symbol engine: initialized successfully - sym options: 0x614 - pdb path: .;D:\AndroidStudio\jre\bin;C:\Windows\SYSTEM32;C:\Windows\WinSxS\amd64_microsoft.windows.common-controls_6595b64144ccf1df_6.0.19041.1110_none_60b5254171f9507e;D:\AndroidStudio\jre\bin\server;C:\Users\eduar\AppData\Local\Temp\libgdxeduar\e1cd32f8;C:\Users\eduar\AppData\Local\Temp\libgdxeduar\1cecf4f6;C:\Windows\System32\DriverStore\FileRepository\u0376724.inf_amd64_aa44b9d5e398e987\B376581;C:\Users\eduar\AppData\Local\Temp\libgdxeduar\a14961b7

VM Arguments:
jvm_args: -Dfile.encoding=windows-1252 -Duser.country=ES -Duser.language=es -Duser.variant 
java_command: com.jumanji.desktop.DesktopLauncher
java_class_path (initial): C:\Users\eduar\Desktop\Drive\jumanji\desktop\build\classes\java\main;C:\Users\eduar\Desktop\Drive\jumanji\desktop\build\resources\main;C:\Users\eduar\.gradle\caches\modules-2\files-2.1\com.badlogicgames.gdx\gdx-backend-lwjgl\1.10.0\58ff89d9e4fd8a82591367f187d606e781cacc05\gdx-backend-lwjgl-1.10.0.jar;C:\Users\eduar\.gradle\caches\modules-2\files-2.1\com.badlogicgames.gdx\gdx-platform\1.10.0\9a8fa793d2fd6d360afc6c9e4c1f5583da263b88\gdx-platform-1.10.0-natives-desktop.jar;C:\Users\eduar\.gradle\caches\modules-2\files-2.1\com.badlogicgames.gdx\gdx-box2d-platform\1.10.0\588c4191c5a64ed39365e71484aa37d81c38eb5e\gdx-box2d-platform-1.10.0-natives-desktop.jar;C:\Users\eduar\Desktop\Drive\jumanji\core\build\libs\core-1.0.jar;C:\Users\eduar\.gradle\caches\modules-2\files-2.1\com.badlogicgames.box2dlights\box2dlights\1.5\6902dbcd250c95a27973aa24a147a95b3828d348\box2dlights-1.5.jar;C:\Users\eduar\.gradle\caches\modules-2\files-2.1\com.badlogicgames.gdx\gdx-box2d\1.10.0\b3a3c0f00b90716238835434d0ae8985604c37f8\gdx-box2d-1.10.0.jar;C:\Users\eduar\.gradle\caches\modules-2\files-2.1\com.badlogicgames.gdx\gdx\1.10.0\74c240f79dc4fb6b766a834249600d0a019d0489\gdx-1.10.0.jar;C:\Users\eduar\.gradle\caches\modules-2\files-2.1\org.lwjgl.lwjgl\lwjgl_util\2.9.3\751f06b62424da056954c67288fd5c494431e350\lwjgl_util-2.9.3.jar;C:\Users\eduar\.gradle\caches\modules-2\files-2.1\org.lwjgl.lwjgl\lwjgl\2.9.3\3df168ac74e4a8c96562cdff24ad352e255bf89c\lwjgl-2.9.3.jar;C:\Users\eduar\.gradle\caches\modules-2\files-2.1\com.badlogicgames.jlayer\jlayer\1.0.1-gdx\7cca83cec5c1b2f011362f4d85aabd71a73b049d\jlayer-1.0.1-gdx.jar;C:\Users\eduar\.gradle\caches\modules-2\files-2.1\org.jcraft\jorbis\0.0.17\8872d22b293e8f5d7d56ff92be966e6dc28ebdc6\jorbis-0.0.17.jar;C:\Users\eduar\.gradle\caches\modules-2\files-2.1\org.lwjgl.lwjgl\lwjgl-platform\2.9.3\fbc2afb3e288578e9942578decb6291a490549a0\lwjgl-platform-2.9.3-natives-windows.jar;C:\Users\eduar\.gradle\caches\modules-2\files-2.1\org.lwjgl.l
Launcher Type: SUN_STANDARD

[Global flags]
     intx CICompilerCount                          = 4                                         {product} {ergonomic}
     uint ConcGCThreads                            = 3                                         {product} {ergonomic}
     uint G1ConcRefinementThreads                  = 10                                        {product} {ergonomic}
   size_t G1HeapRegionSize                         = 1048576                                   {product} {ergonomic}
    uintx GCDrainStackTargetSize                   = 64                                        {product} {ergonomic}
   size_t InitialHeapSize                          = 268435456                                 {product} {ergonomic}
   size_t MarkStackSize                            = 4194304                                   {product} {ergonomic}
   size_t MaxHeapSize                              = 4282384384                                {product} {ergonomic}
   size_t MaxNewSize                               = 2569011200                                {product} {ergonomic}
   size_t MinHeapDeltaBytes                        = 1048576                                   {product} {ergonomic}
    uintx NonNMethodCodeHeapSize                   = 5836300                                {pd product} {ergonomic}
    uintx NonProfiledCodeHeapSize                  = 122910970                              {pd product} {ergonomic}
    uintx ProfiledCodeHeapSize                     = 122910970                              {pd product} {ergonomic}
    uintx ReservedCodeCacheSize                    = 251658240                              {pd product} {ergonomic}
     bool SegmentedCodeCache                       = true                                      {product} {ergonomic}
     bool UseCompressedClassPointers               = true                                 {lp64_product} {ergonomic}
     bool UseCompressedOops                        = true                                 {lp64_product} {ergonomic}
     bool UseG1GC                                  = true                                      {product} {ergonomic}
     bool UseLargePagesIndividualAllocation        = false                                  {pd product} {ergonomic}

Logging:
Log output configuration:
 #0: stdout all=warning uptime,level,tags
 #1: stderr all=off uptime,level,tags

Environment Variables:
PATH=C:\ProgramData\Oracle\Java\javapath;C:\oraclexe\app\oracle\product\11.2.0\server\bin;C:\Program Files\Common Files\Oracle\Java\javapath;C:\Program Files (x86)\Common Files\Oracle\Java\javapath;D:\Oracle\app\oracle\product\11.2.0\server\bin;C:\Windows\system32;C:\Windows;C:\Windows\System32\Wbem;C:\Windows\System32\WindowsPowerShell\v1.0\;C:\Windows\System32\OpenSSH\;C:\Program Files\Git\cmd;D:\BaseX\bin;C:\Users\eduar\AppData\Local\Microsoft\WindowsApps;D:\Microsoft VS Code\bin;C:\Program Files\Azure Data Studio\bin;C:\Users\eduar\AppData\Local\GitHubDesktop\bin;D:\flutter\bin;C:\Program Files\Java\jdk-17.0.2\bin;
USERNAME=eduar
OS=Windows_NT
PROCESSOR_IDENTIFIER=AMD64 Family 23 Model 113 Stepping 0, AuthenticAMD



---------------  S Y S T E M  ---------------

OS: Windows 10 , 64 bit Build 19041 (10.0.19041.1503)
OS uptime: 0 days 1:36 hours
Hyper-V role detected

CPU:total 12 (initial active 12) (12 cores per cpu, 2 threads per core) family 23 model 113 stepping 0 microcode 0x0, cmov, cx8, fxsr, mmx, sse, sse2, sse3, ssse3, sse4.1, sse4.2, popcnt, avx, avx2, aes, clmul, mmxext, 3dnowpref, lzcnt, sse4a, ht, tsc, tscinvbit, tscinv, bmi1, bmi2, adx,

Memory: 4k page, system-wide physical 16334M (6976M free)
TotalPageFile size 19150M (AvailPageFile size 3756M)
current process WorkingSet (physical memory assigned to process): 139M, peak: 142M
current process commit charge ("private bytes"): 468M, peak: 471M

vm_info: OpenJDK 64-Bit Server VM (11.0.10+0-b96-7249189) for windows-amd64 JRE (11.0.10+0-b96-7249189), built on Mar 31 2021 21:44:00 by "builder" with MS VC++ 14.0 (VS2015)

END.
