#
# A fatal error has been detected by the Java Runtime Environment:
#
#  EXCEPTION_ACCESS_VIOLATION (0xc0000005) at pc=0x00007fff051624c0, pid=15620, tid=19156
#
# JRE version: OpenJDK Runtime Environment (11.0.10) (build 11.0.10+0-b96-7249189)
# Java VM: OpenJDK 64-Bit Server VM (11.0.10+0-b96-7249189, mixed mode, tiered, compressed oops, g1 gc, windows-amd64)
# Problematic frame:
# C  [atio6axx.dll+0xc224c0]
#
# No core dump will be written. Minidumps are not enabled by default on client versions of Windows
#
# If you would like to submit a bug report, please visit:
#   https://bugreport.java.com/bugreport/crash.jsp
# The crash happened outside the Java Virtual Machine in native code.
# See problematic frame for where to report the bug.
#

---------------  S U M M A R Y ------------

Command Line: -Dfile.encoding=windows-1252 -Duser.country=ES -Duser.language=es -Duser.variant com.jumanji.desktop.DesktopLauncher

Host: AMD Ryzen 5 3600X 6-Core Processor             , 12 cores, 15G,  Windows 10 , 64 bit Build 19041 (10.0.19041.1503)
Time: Sun Feb 27 02:06:21 2022 Hora estándar romance elapsed time: 4.628247 seconds (0d 0h 0m 4s)

---------------  T H R E A D  ---------------

Current thread (0x000001a7f9bcd800):  JavaThread "LWJGL Application" [_thread_in_native, id=19156, stack(0x00000004fb300000,0x00000004fb400000)]

Stack: [0x00000004fb300000,0x00000004fb400000],  sp=0x00000004fb3fdc50,  free space=1015k
Native frames: (J=compiled Java code, j=interpreted, Vv=VM code, C=native code)
C  [atio6axx.dll+0xc224c0]

Java frames: (J=compiled Java code, j=interpreted, Vv=VM code)
J 1037  org.lwjgl.opengl.GL11.nglDrawElements(IIIJJ)V (0 bytes) @ 0x000001a7e4686626 [0x000001a7e46865c0+0x0000000000000066]
J 1036 c1 org.lwjgl.opengl.GL11.glDrawElements(ILjava/nio/ShortBuffer;)V (38 bytes) @ 0x000001a7dd3164f4 [0x000001a7dd315ce0+0x0000000000000814]
J 1010 c1 com.badlogic.gdx.backends.lwjgl.LwjglGL20.glDrawElements(IIILjava/nio/Buffer;)V (124 bytes) @ 0x000001a7dd2ffaf4 [0x000001a7dd2feb40+0x0000000000000fb4]
J 962 c1 com.badlogic.gdx.graphics.Mesh.render(Lcom/badlogic/gdx/graphics/glutils/ShaderProgram;IIIZ)V (341 bytes) @ 0x000001a7dd2e696c [0x000001a7dd2e62e0+0x000000000000068c]
J 905 c1 com.badlogic.gdx.graphics.g2d.SpriteBatch.flush()V (193 bytes) @ 0x000001a7dd2c763c [0x000001a7dd2c5a40+0x0000000000001bfc]
J 1021 c1 com.badlogic.gdx.graphics.g2d.SpriteBatch.end()V (66 bytes) @ 0x000001a7dd30cf4c [0x000001a7dd30ce40+0x000000000000010c]
J 1124 c1 com.jumanji.screens.GameScreen.render(F)V (191 bytes) @ 0x000001a7dd35b334 [0x000001a7dd35a8c0+0x0000000000000a74]
j  com.badlogic.gdx.Game.render()V+19
j  com.badlogic.gdx.backends.lwjgl.LwjglApplication.mainLoop()V+776
j  com.badlogic.gdx.backends.lwjgl.LwjglApplication$1.run()V+27
v  ~StubRoutines::call_stub

siginfo: EXCEPTION_ACCESS_VIOLATION (0xc0000005), reading address 0x000001a7820a2888


Register to memory mapping:

RIP=0x00007fff051624c0 atio6axx.dll
RAX=0x000001a7820a2888 is an unknown value
RBX=0x000001a784674894 points into unknown readable memory: 00 00 00 00
RCX=0x0 is NULL
RDX=0x00000000025d200c is an unknown value
RSP=0x00000004fb3fdc50 is pointing into the stack for thread: 0x000001a7f9bcd800
RBP=0x0000000000000001 is an unknown value
RSI=0x000001a7fb4fcc40 points into unknown readable memory: 0x000001a7fb4da0c0 | c0 a0 4d fb a7 01 00 00
RDI=0x000001a7fa9f4764 points into unknown readable memory: a7 01 00 00
R8 =0x0 is NULL
R9 =0x0000000000000004 is an unknown value
R10=0x00000004fb3fdcf8 is pointing into the stack for thread: 0x000001a7f9bcd800
R11=0x0000000000000004 is an unknown value
R12=0x000000000000bec8 is an unknown value
R13=0x0000000000000001 is an unknown value
R14=0x0000000000008200 is an unknown value
R15=0x00000000ffffffff is an unknown value


Registers:
RAX=0x000001a7820a2888, RBX=0x000001a784674894, RCX=0x0000000000000000, RDX=0x00000000025d200c
RSP=0x00000004fb3fdc50, RBP=0x0000000000000001, RSI=0x000001a7fb4fcc40, RDI=0x000001a7fa9f4764
R8 =0x0000000000000000, R9 =0x0000000000000004, R10=0x00000004fb3fdcf8, R11=0x0000000000000004
R12=0x000000000000bec8, R13=0x0000000000000001, R14=0x0000000000008200, R15=0x00000000ffffffff
RIP=0x00007fff051624c0, EFLAGS=0x0000000000010216

Top of Stack: (sp=0x00000004fb3fdc50)
0x00000004fb3fdc50:   000001a7fb4fcf80 000001a7fa9f4760
0x00000004fb3fdc60:   000001a7fb4da100 00007fff061c371d
0x00000004fb3fdc70:   000001a7850ee490 00000004fb3fdd31
0x00000004fb3fdc80:   0000000000000000 00007fff071e7f70
0x00000004fb3fdc90:   0000000000000004 00000004fb3fdda0
0x00000004fb3fdca0:   0000000000000000 00007fff071e79b0
0x00000004fb3fdcb0:   0000000000000000 00007fff071e7f70
0x00000004fb3fdcc0:   000000000000bec8 0000000400000018
0x00000004fb3fdcd0:   000001a7fa9f476c 000001a7fb4da0c0
0x00000004fb3fdce0:   000001a7fb4da890 000001a784674890
0x00000004fb3fdcf0:   000001a782000088 0000000400000014
0x00000004fb3fdd00:   00000004fb3fe220 000001a7855a0000
0x00000004fb3fdd10:   000001a7853aa018 00007fff051075f1
0x00000004fb3fdd20:   0000000014da8a9f 00000004fb3fe0c0
0x00000004fb3fdd30:   00000004fb3fde90 0000000000000000
0x00000004fb3fdd40:   0000000000000000 00007fff04dd8b55 

Instructions: (pc=0x00007fff051624c0)
0x00007fff051623c0:   0f 95 c0 84 c0 74 09 41 8b ca 48 d3 ea 45 03 c2
0x00007fff051623d0:   48 85 d2 75 bb 4d 85 ff 74 46 41 83 e6 01 b9 70
0x00007fff051623e0:   0a 00 00 b8 60 00 00 00 0f 44 c1 4d 85 f6 b9 60
0x00007fff051623f0:   0a 00 00 48 8b 04 28 49 89 01 b8 50 00 00 00 0f
0x00007fff05162400:   44 c1 b9 68 0a 00 00 8b 04 28 41 89 41 08 b8 58
0x00007fff05162410:   00 00 00 0f 44 c1 41 ff c5 8b 04 28 41 89 41 0c
0x00007fff05162420:   49 3b fb 0f 83 cc 00 00 00 44 8b bc 24 f8 04 00
0x00007fff05162430:   00 0f 1f 40 00 66 66 66 0f 1f 84 00 00 00 00 00
0x00007fff05162440:   0f b7 07 48 83 c7 02 45 85 ed 0f 84 9c 00 00 00
0x00007fff05162450:   45 8d 34 07 41 8b ed 41 bf ff ff ff ff 4c 8d 94
0x00007fff05162460:   24 a8 00 00 00 66 66 66 0f 1f 84 00 00 00 00 00
0x00007fff05162470:   45 8b 5a 04 41 8b c6 41 0f af 02 45 8b c3 41 83
0x00007fff05162480:   e0 f8 45 8b cb 45 2b c8 48 8b d3 41 c1 e8 03 49
0x00007fff05162490:   03 42 f8 45 85 c0 74 1b 0f 1f 84 00 00 00 00 00
0x00007fff051624a0:   48 8b 08 48 83 c0 08 48 89 0a 48 83 c2 08 45 03
0x00007fff051624b0:   c7 75 ed 45 85 c9 74 17 48 2b d0 0f 1f 44 00 00
0x00007fff051624c0:   0f b6 08 88 0c 10 48 8d 40 01 45 03 cf 75 f1 49
0x00007fff051624d0:   03 db 49 83 c2 10 48 83 ed 01 75 94 4c 8b 9c 24
0x00007fff051624e0:   80 00 00 00 44 8b bc 24 f8 04 00 00 49 3b fb 0f
0x00007fff051624f0:   82 4b ff ff ff 44 8b ac 24 e8 04 00 00 48 8b bc
0x00007fff05162500:   24 90 00 00 00 4c 8b 8c 24 98 00 00 00 4c 8b bc
0x00007fff05162510:   24 88 04 00 00 4c 8b b4 24 90 04 00 00 8b 5f 3c
0x00007fff05162520:   48 03 5f 30 49 3b d9 74 6a 8b 6c 24 78 48 8b cb
0x00007fff05162530:   81 fd 00 02 00 00 76 0d 44 8b c5 49 8b d1 e8 dd
0x00007fff05162540:   fe e5 ff eb 52 8b d5 44 8b c5 83 e2 f8 41 ba ff
0x00007fff05162550:   ff ff ff 44 2b c2 c1 ea 03 85 d2 74 16 0f 1f 00
0x00007fff05162560:   49 8b 01 49 83 c1 08 48 89 01 48 83 c1 08 41 03
0x00007fff05162570:   d2 75 ed 45 85 c0 74 1f 49 2b c9 0f 1f 44 00 00
0x00007fff05162580:   41 0f b6 01 41 88 04 09 4d 8d 49 01 45 03 c2 75
0x00007fff05162590:   ef eb 04 8b 6c 24 78 f6 47 40 04 74 1c 48 8b 0f
0x00007fff051625a0:   44 8b 47 3c 48 8b 57 10 44 8b cd 48 8b 49 18 48
0x00007fff051625b0:   89 5c 24 20 e8 17 61 78 00 48 8b bc 24 88 00 00 


Stack slot to memory mapping:
stack at sp + 0 slots: 0x000001a7fb4fcf80 points into unknown readable memory: 0x0000000000000000 | 00 00 00 00 00 00 00 00
stack at sp + 1 slots: 0x000001a7fa9f4760 points into unknown readable memory: 0x000001a782000080 | 80 00 00 82 a7 01 00 00
stack at sp + 2 slots: 0x000001a7fb4da100 points into unknown readable memory: 0x000001a7fb4da0c0 | c0 a0 4d fb a7 01 00 00
stack at sp + 3 slots: 0x00007fff061c371d atio6axx.dll
stack at sp + 4 slots: 0x000001a7850ee490 points into unknown readable memory: 0x00007fff062b4940 | 40 49 2b 06 ff 7f 00 00
stack at sp + 5 slots: 0x00000004fb3fdd31 is pointing into the stack for thread: 0x000001a7f9bcd800
stack at sp + 6 slots: 0x0 is NULL
stack at sp + 7 slots: 0x00007fff071e7f70 atio6axx.dll


---------------  P R O C E S S  ---------------

Threads class SMR info:
_java_thread_list=0x000001a785160360, length=13, elements={
0x000001a7f8d31000, 0x000001a7f8d28000, 0x000001a7f9638800, 0x000001a7f9639800,
0x000001a7f963a800, 0x000001a7f963d800, 0x000001a7f9640800, 0x000001a7f964f800,
0x000001a7f97a7800, 0x000001a7f9bcd800, 0x000001a7d784f800, 0x000001a784dbd000,
0x000001a7855a1800
}

Java Threads: ( => current thread )
  0x000001a7f8d31000 JavaThread "Reference Handler" daemon [_thread_blocked, id=3708, stack(0x00000004fa600000,0x00000004fa700000)]
  0x000001a7f8d28000 JavaThread "Finalizer" daemon [_thread_blocked, id=13748, stack(0x00000004fa700000,0x00000004fa800000)]
  0x000001a7f9638800 JavaThread "Signal Dispatcher" daemon [_thread_blocked, id=672, stack(0x00000004fa800000,0x00000004fa900000)]
  0x000001a7f9639800 JavaThread "Attach Listener" daemon [_thread_blocked, id=6656, stack(0x00000004fa900000,0x00000004faa00000)]
  0x000001a7f963a800 JavaThread "Service Thread" daemon [_thread_blocked, id=9744, stack(0x00000004faa00000,0x00000004fab00000)]
  0x000001a7f963d800 JavaThread "C2 CompilerThread0" daemon [_thread_blocked, id=17384, stack(0x00000004fab00000,0x00000004fac00000)]
  0x000001a7f9640800 JavaThread "C1 CompilerThread0" daemon [_thread_blocked, id=12056, stack(0x00000004fac00000,0x00000004fad00000)]
  0x000001a7f964f800 JavaThread "Sweeper thread" daemon [_thread_blocked, id=7964, stack(0x00000004fad00000,0x00000004fae00000)]
  0x000001a7f97a7800 JavaThread "Common-Cleaner" daemon [_thread_blocked, id=1280, stack(0x00000004faf00000,0x00000004fb000000)]
=>0x000001a7f9bcd800 JavaThread "LWJGL Application" [_thread_in_native, id=19156, stack(0x00000004fb300000,0x00000004fb400000)]
  0x000001a7d784f800 JavaThread "DestroyJavaVM" [_thread_blocked, id=92, stack(0x00000004f9f00000,0x00000004fa000000)]
  0x000001a784dbd000 JavaThread "AssetManager" daemon [_thread_blocked, id=16720, stack(0x00000004fb000000,0x00000004fb100000)]
  0x000001a7855a1800 JavaThread "LWJGL Timer" daemon [_thread_blocked, id=16844, stack(0x00000004fb700000,0x00000004fb800000)]

Other Threads:
  0x000001a7f95e9800 VMThread "VM Thread" [stack: 0x00000004fa500000,0x00000004fa600000] [id=10880]
  0x000001a7f97a6800 WatcherThread [stack: 0x00000004fae00000,0x00000004faf00000] [id=8640]
  0x000001a7d7866800 GCTaskThread "GC Thread#0" [stack: 0x00000004fa000000,0x00000004fa100000] [id=796]
  0x000001a7d78c2800 ConcurrentGCThread "G1 Main Marker" [stack: 0x00000004fa100000,0x00000004fa200000] [id=6776]
  0x000001a7d78c4000 ConcurrentGCThread "G1 Conc#0" [stack: 0x00000004fa200000,0x00000004fa300000] [id=15912]
  0x000001a7f8c03000 ConcurrentGCThread "G1 Refine#0" [stack: 0x00000004fa300000,0x00000004fa400000] [id=19184]
  0x000001a7f8c04000 ConcurrentGCThread "G1 Young RemSet Sampling" [stack: 0x00000004fa400000,0x00000004fa500000] [id=15052]

Threads with active compile tasks:

VM state:not at safepoint (normal execution)

VM Mutex/Monitor currently owned by a thread: None

Heap address: 0x0000000700c00000, size: 4084 MB, Compressed Oops mode: Zero based, Oop shift amount: 3
Narrow klass base: 0x0000000800000000, Narrow klass shift: 0
Compressed class space size: 1073741824 Address: 0x0000000800000000

Heap:
 garbage-first heap   total 262144K, used 19456K [0x0000000700c00000, 0x0000000800000000)
  region size 1024K, 19 young (19456K), 0 survivors (0K)
 Metaspace       used 11622K, capacity 11776K, committed 12032K, reserved 1060864K
  class space    used 937K, capacity 993K, committed 1024K, reserved 1048576K
Heap Regions: E=young(eden), S=young(survivor), O=old, HS=humongous(starts), HC=humongous(continues), CS=collection set, F=free, A=archive, TAMS=top-at-mark-start (previous, next)
|   0|0x0000000700c00000, 0x0000000700d00000, 0x0000000700d00000|100%|HS|  |TAMS 0x0000000700c00000, 0x0000000700c00000| Complete 
|   1|0x0000000700d00000, 0x0000000700e00000, 0x0000000700e00000|100%|HS|  |TAMS 0x0000000700d00000, 0x0000000700d00000| Complete 
|   2|0x0000000700e00000, 0x0000000700e00000, 0x0000000700f00000|  0%| F|  |TAMS 0x0000000700e00000, 0x0000000700e00000| Untracked 
|   3|0x0000000700f00000, 0x0000000700f00000, 0x0000000701000000|  0%| F|  |TAMS 0x0000000700f00000, 0x0000000700f00000| Untracked 
|   4|0x0000000701000000, 0x0000000701000000, 0x0000000701100000|  0%| F|  |TAMS 0x0000000701000000, 0x0000000701000000| Untracked 
|   5|0x0000000701100000, 0x0000000701100000, 0x0000000701200000|  0%| F|  |TAMS 0x0000000701100000, 0x0000000701100000| Untracked 
|   6|0x0000000701200000, 0x0000000701200000, 0x0000000701300000|  0%| F|  |TAMS 0x0000000701200000, 0x0000000701200000| Untracked 
|   7|0x0000000701300000, 0x0000000701300000, 0x0000000701400000|  0%| F|  |TAMS 0x0000000701300000, 0x0000000701300000| Untracked 
|   8|0x0000000701400000, 0x0000000701400000, 0x0000000701500000|  0%| F|  |TAMS 0x0000000701400000, 0x0000000701400000| Untracked 
|   9|0x0000000701500000, 0x0000000701500000, 0x0000000701600000|  0%| F|  |TAMS 0x0000000701500000, 0x0000000701500000| Untracked 
|  10|0x0000000701600000, 0x0000000701600000, 0x0000000701700000|  0%| F|  |TAMS 0x0000000701600000, 0x0000000701600000| Untracked 
|  11|0x0000000701700000, 0x0000000701700000, 0x0000000701800000|  0%| F|  |TAMS 0x0000000701700000, 0x0000000701700000| Untracked 
|  12|0x0000000701800000, 0x0000000701800000, 0x0000000701900000|  0%| F|  |TAMS 0x0000000701800000, 0x0000000701800000| Untracked 
|  13|0x0000000701900000, 0x0000000701900000, 0x0000000701a00000|  0%| F|  |TAMS 0x0000000701900000, 0x0000000701900000| Untracked 
|  14|0x0000000701a00000, 0x0000000701a00000, 0x0000000701b00000|  0%| F|  |TAMS 0x0000000701a00000, 0x0000000701a00000| Untracked 
|  15|0x0000000701b00000, 0x0000000701b00000, 0x0000000701c00000|  0%| F|  |TAMS 0x0000000701b00000, 0x0000000701b00000| Untracked 
|  16|0x0000000701c00000, 0x0000000701c00000, 0x0000000701d00000|  0%| F|  |TAMS 0x0000000701c00000, 0x0000000701c00000| Untracked 
|  17|0x0000000701d00000, 0x0000000701d00000, 0x0000000701e00000|  0%| F|  |TAMS 0x0000000701d00000, 0x0000000701d00000| Untracked 
|  18|0x0000000701e00000, 0x0000000701e00000, 0x0000000701f00000|  0%| F|  |TAMS 0x0000000701e00000, 0x0000000701e00000| Untracked 
|  19|0x0000000701f00000, 0x0000000701f00000, 0x0000000702000000|  0%| F|  |TAMS 0x0000000701f00000, 0x0000000701f00000| Untracked 
|  20|0x0000000702000000, 0x0000000702000000, 0x0000000702100000|  0%| F|  |TAMS 0x0000000702000000, 0x0000000702000000| Untracked 
|  21|0x0000000702100000, 0x0000000702100000, 0x0000000702200000|  0%| F|  |TAMS 0x0000000702100000, 0x0000000702100000| Untracked 
|  22|0x0000000702200000, 0x0000000702200000, 0x0000000702300000|  0%| F|  |TAMS 0x0000000702200000, 0x0000000702200000| Untracked 
|  23|0x0000000702300000, 0x0000000702300000, 0x0000000702400000|  0%| F|  |TAMS 0x0000000702300000, 0x0000000702300000| Untracked 
|  24|0x0000000702400000, 0x0000000702400000, 0x0000000702500000|  0%| F|  |TAMS 0x0000000702400000, 0x0000000702400000| Untracked 
|  25|0x0000000702500000, 0x0000000702500000, 0x0000000702600000|  0%| F|  |TAMS 0x0000000702500000, 0x0000000702500000| Untracked 
|  26|0x0000000702600000, 0x0000000702600000, 0x0000000702700000|  0%| F|  |TAMS 0x0000000702600000, 0x0000000702600000| Untracked 
|  27|0x0000000702700000, 0x0000000702700000, 0x0000000702800000|  0%| F|  |TAMS 0x0000000702700000, 0x0000000702700000| Untracked 
|  28|0x0000000702800000, 0x0000000702800000, 0x0000000702900000|  0%| F|  |TAMS 0x0000000702800000, 0x0000000702800000| Untracked 
|  29|0x0000000702900000, 0x0000000702900000, 0x0000000702a00000|  0%| F|  |TAMS 0x0000000702900000, 0x0000000702900000| Untracked 
|  30|0x0000000702a00000, 0x0000000702a00000, 0x0000000702b00000|  0%| F|  |TAMS 0x0000000702a00000, 0x0000000702a00000| Untracked 
|  31|0x0000000702b00000, 0x0000000702b00000, 0x0000000702c00000|  0%| F|  |TAMS 0x0000000702b00000, 0x0000000702b00000| Untracked 
|  32|0x0000000702c00000, 0x0000000702c00000, 0x0000000702d00000|  0%| F|  |TAMS 0x0000000702c00000, 0x0000000702c00000| Untracked 
|  33|0x0000000702d00000, 0x0000000702d00000, 0x0000000702e00000|  0%| F|  |TAMS 0x0000000702d00000, 0x0000000702d00000| Untracked 
|  34|0x0000000702e00000, 0x0000000702e00000, 0x0000000702f00000|  0%| F|  |TAMS 0x0000000702e00000, 0x0000000702e00000| Untracked 
|  35|0x0000000702f00000, 0x0000000702f00000, 0x0000000703000000|  0%| F|  |TAMS 0x0000000702f00000, 0x0000000702f00000| Untracked 
|  36|0x0000000703000000, 0x0000000703000000, 0x0000000703100000|  0%| F|  |TAMS 0x0000000703000000, 0x0000000703000000| Untracked 
|  37|0x0000000703100000, 0x0000000703100000, 0x0000000703200000|  0%| F|  |TAMS 0x0000000703100000, 0x0000000703100000| Untracked 
|  38|0x0000000703200000, 0x0000000703200000, 0x0000000703300000|  0%| F|  |TAMS 0x0000000703200000, 0x0000000703200000| Untracked 
|  39|0x0000000703300000, 0x0000000703300000, 0x0000000703400000|  0%| F|  |TAMS 0x0000000703300000, 0x0000000703300000| Untracked 
|  40|0x0000000703400000, 0x0000000703400000, 0x0000000703500000|  0%| F|  |TAMS 0x0000000703400000, 0x0000000703400000| Untracked 
|  41|0x0000000703500000, 0x0000000703500000, 0x0000000703600000|  0%| F|  |TAMS 0x0000000703500000, 0x0000000703500000| Untracked 
|  42|0x0000000703600000, 0x0000000703600000, 0x0000000703700000|  0%| F|  |TAMS 0x0000000703600000, 0x0000000703600000| Untracked 
|  43|0x0000000703700000, 0x0000000703700000, 0x0000000703800000|  0%| F|  |TAMS 0x0000000703700000, 0x0000000703700000| Untracked 
|  44|0x0000000703800000, 0x0000000703800000, 0x0000000703900000|  0%| F|  |TAMS 0x0000000703800000, 0x0000000703800000| Untracked 
|  45|0x0000000703900000, 0x0000000703900000, 0x0000000703a00000|  0%| F|  |TAMS 0x0000000703900000, 0x0000000703900000| Untracked 
|  46|0x0000000703a00000, 0x0000000703a00000, 0x0000000703b00000|  0%| F|  |TAMS 0x0000000703a00000, 0x0000000703a00000| Untracked 
|  47|0x0000000703b00000, 0x0000000703b00000, 0x0000000703c00000|  0%| F|  |TAMS 0x0000000703b00000, 0x0000000703b00000| Untracked 
|  48|0x0000000703c00000, 0x0000000703c00000, 0x0000000703d00000|  0%| F|  |TAMS 0x0000000703c00000, 0x0000000703c00000| Untracked 
|  49|0x0000000703d00000, 0x0000000703d00000, 0x0000000703e00000|  0%| F|  |TAMS 0x0000000703d00000, 0x0000000703d00000| Untracked 
|  50|0x0000000703e00000, 0x0000000703e00000, 0x0000000703f00000|  0%| F|  |TAMS 0x0000000703e00000, 0x0000000703e00000| Untracked 
|  51|0x0000000703f00000, 0x0000000703f00000, 0x0000000704000000|  0%| F|  |TAMS 0x0000000703f00000, 0x0000000703f00000| Untracked 
|  52|0x0000000704000000, 0x0000000704000000, 0x0000000704100000|  0%| F|  |TAMS 0x0000000704000000, 0x0000000704000000| Untracked 
|  53|0x0000000704100000, 0x0000000704100000, 0x0000000704200000|  0%| F|  |TAMS 0x0000000704100000, 0x0000000704100000| Untracked 
|  54|0x0000000704200000, 0x0000000704200000, 0x0000000704300000|  0%| F|  |TAMS 0x0000000704200000, 0x0000000704200000| Untracked 
|  55|0x0000000704300000, 0x0000000704300000, 0x0000000704400000|  0%| F|  |TAMS 0x0000000704300000, 0x0000000704300000| Untracked 
|  56|0x0000000704400000, 0x0000000704400000, 0x0000000704500000|  0%| F|  |TAMS 0x0000000704400000, 0x0000000704400000| Untracked 
|  57|0x0000000704500000, 0x0000000704500000, 0x0000000704600000|  0%| F|  |TAMS 0x0000000704500000, 0x0000000704500000| Untracked 
|  58|0x0000000704600000, 0x0000000704600000, 0x0000000704700000|  0%| F|  |TAMS 0x0000000704600000, 0x0000000704600000| Untracked 
|  59|0x0000000704700000, 0x0000000704700000, 0x0000000704800000|  0%| F|  |TAMS 0x0000000704700000, 0x0000000704700000| Untracked 
|  60|0x0000000704800000, 0x0000000704800000, 0x0000000704900000|  0%| F|  |TAMS 0x0000000704800000, 0x0000000704800000| Untracked 
|  61|0x0000000704900000, 0x0000000704900000, 0x0000000704a00000|  0%| F|  |TAMS 0x0000000704900000, 0x0000000704900000| Untracked 
|  62|0x0000000704a00000, 0x0000000704a00000, 0x0000000704b00000|  0%| F|  |TAMS 0x0000000704a00000, 0x0000000704a00000| Untracked 
|  63|0x0000000704b00000, 0x0000000704b00000, 0x0000000704c00000|  0%| F|  |TAMS 0x0000000704b00000, 0x0000000704b00000| Untracked 
|  64|0x0000000704c00000, 0x0000000704c00000, 0x0000000704d00000|  0%| F|  |TAMS 0x0000000704c00000, 0x0000000704c00000| Untracked 
|  65|0x0000000704d00000, 0x0000000704d00000, 0x0000000704e00000|  0%| F|  |TAMS 0x0000000704d00000, 0x0000000704d00000| Untracked 
|  66|0x0000000704e00000, 0x0000000704e00000, 0x0000000704f00000|  0%| F|  |TAMS 0x0000000704e00000, 0x0000000704e00000| Untracked 
|  67|0x0000000704f00000, 0x0000000704f00000, 0x0000000705000000|  0%| F|  |TAMS 0x0000000704f00000, 0x0000000704f00000| Untracked 
|  68|0x0000000705000000, 0x0000000705000000, 0x0000000705100000|  0%| F|  |TAMS 0x0000000705000000, 0x0000000705000000| Untracked 
|  69|0x0000000705100000, 0x0000000705100000, 0x0000000705200000|  0%| F|  |TAMS 0x0000000705100000, 0x0000000705100000| Untracked 
|  70|0x0000000705200000, 0x0000000705200000, 0x0000000705300000|  0%| F|  |TAMS 0x0000000705200000, 0x0000000705200000| Untracked 
|  71|0x0000000705300000, 0x0000000705300000, 0x0000000705400000|  0%| F|  |TAMS 0x0000000705300000, 0x0000000705300000| Untracked 
|  72|0x0000000705400000, 0x0000000705400000, 0x0000000705500000|  0%| F|  |TAMS 0x0000000705400000, 0x0000000705400000| Untracked 
|  73|0x0000000705500000, 0x0000000705500000, 0x0000000705600000|  0%| F|  |TAMS 0x0000000705500000, 0x0000000705500000| Untracked 
|  74|0x0000000705600000, 0x0000000705600000, 0x0000000705700000|  0%| F|  |TAMS 0x0000000705600000, 0x0000000705600000| Untracked 
|  75|0x0000000705700000, 0x0000000705700000, 0x0000000705800000|  0%| F|  |TAMS 0x0000000705700000, 0x0000000705700000| Untracked 
|  76|0x0000000705800000, 0x0000000705800000, 0x0000000705900000|  0%| F|  |TAMS 0x0000000705800000, 0x0000000705800000| Untracked 
|  77|0x0000000705900000, 0x0000000705900000, 0x0000000705a00000|  0%| F|  |TAMS 0x0000000705900000, 0x0000000705900000| Untracked 
|  78|0x0000000705a00000, 0x0000000705a00000, 0x0000000705b00000|  0%| F|  |TAMS 0x0000000705a00000, 0x0000000705a00000| Untracked 
|  79|0x0000000705b00000, 0x0000000705b00000, 0x0000000705c00000|  0%| F|  |TAMS 0x0000000705b00000, 0x0000000705b00000| Untracked 
|  80|0x0000000705c00000, 0x0000000705c00000, 0x0000000705d00000|  0%| F|  |TAMS 0x0000000705c00000, 0x0000000705c00000| Untracked 
|  81|0x0000000705d00000, 0x0000000705d00000, 0x0000000705e00000|  0%| F|  |TAMS 0x0000000705d00000, 0x0000000705d00000| Untracked 
|  82|0x0000000705e00000, 0x0000000705e00000, 0x0000000705f00000|  0%| F|  |TAMS 0x0000000705e00000, 0x0000000705e00000| Untracked 
|  83|0x0000000705f00000, 0x0000000705f00000, 0x0000000706000000|  0%| F|  |TAMS 0x0000000705f00000, 0x0000000705f00000| Untracked 
|  84|0x0000000706000000, 0x0000000706000000, 0x0000000706100000|  0%| F|  |TAMS 0x0000000706000000, 0x0000000706000000| Untracked 
|  85|0x0000000706100000, 0x0000000706100000, 0x0000000706200000|  0%| F|  |TAMS 0x0000000706100000, 0x0000000706100000| Untracked 
|  86|0x0000000706200000, 0x0000000706200000, 0x0000000706300000|  0%| F|  |TAMS 0x0000000706200000, 0x0000000706200000| Untracked 
|  87|0x0000000706300000, 0x0000000706300000, 0x0000000706400000|  0%| F|  |TAMS 0x0000000706300000, 0x0000000706300000| Untracked 
|  88|0x0000000706400000, 0x0000000706400000, 0x0000000706500000|  0%| F|  |TAMS 0x0000000706400000, 0x0000000706400000| Untracked 
|  89|0x0000000706500000, 0x0000000706500000, 0x0000000706600000|  0%| F|  |TAMS 0x0000000706500000, 0x0000000706500000| Untracked 
|  90|0x0000000706600000, 0x0000000706600000, 0x0000000706700000|  0%| F|  |TAMS 0x0000000706600000, 0x0000000706600000| Untracked 
|  91|0x0000000706700000, 0x0000000706700000, 0x0000000706800000|  0%| F|  |TAMS 0x0000000706700000, 0x0000000706700000| Untracked 
|  92|0x0000000706800000, 0x0000000706800000, 0x0000000706900000|  0%| F|  |TAMS 0x0000000706800000, 0x0000000706800000| Untracked 
|  93|0x0000000706900000, 0x0000000706900000, 0x0000000706a00000|  0%| F|  |TAMS 0x0000000706900000, 0x0000000706900000| Untracked 
|  94|0x0000000706a00000, 0x0000000706a00000, 0x0000000706b00000|  0%| F|  |TAMS 0x0000000706a00000, 0x0000000706a00000| Untracked 
|  95|0x0000000706b00000, 0x0000000706b00000, 0x0000000706c00000|  0%| F|  |TAMS 0x0000000706b00000, 0x0000000706b00000| Untracked 
|  96|0x0000000706c00000, 0x0000000706c00000, 0x0000000706d00000|  0%| F|  |TAMS 0x0000000706c00000, 0x0000000706c00000| Untracked 
|  97|0x0000000706d00000, 0x0000000706d00000, 0x0000000706e00000|  0%| F|  |TAMS 0x0000000706d00000, 0x0000000706d00000| Untracked 
|  98|0x0000000706e00000, 0x0000000706e00000, 0x0000000706f00000|  0%| F|  |TAMS 0x0000000706e00000, 0x0000000706e00000| Untracked 
|  99|0x0000000706f00000, 0x0000000706f00000, 0x0000000707000000|  0%| F|  |TAMS 0x0000000706f00000, 0x0000000706f00000| Untracked 
| 100|0x0000000707000000, 0x0000000707000000, 0x0000000707100000|  0%| F|  |TAMS 0x0000000707000000, 0x0000000707000000| Untracked 
| 101|0x0000000707100000, 0x0000000707100000, 0x0000000707200000|  0%| F|  |TAMS 0x0000000707100000, 0x0000000707100000| Untracked 
| 102|0x0000000707200000, 0x0000000707200000, 0x0000000707300000|  0%| F|  |TAMS 0x0000000707200000, 0x0000000707200000| Untracked 
| 103|0x0000000707300000, 0x0000000707300000, 0x0000000707400000|  0%| F|  |TAMS 0x0000000707300000, 0x0000000707300000| Untracked 
| 104|0x0000000707400000, 0x0000000707400000, 0x0000000707500000|  0%| F|  |TAMS 0x0000000707400000, 0x0000000707400000| Untracked 
| 105|0x0000000707500000, 0x0000000707500000, 0x0000000707600000|  0%| F|  |TAMS 0x0000000707500000, 0x0000000707500000| Untracked 
| 106|0x0000000707600000, 0x0000000707600000, 0x0000000707700000|  0%| F|  |TAMS 0x0000000707600000, 0x0000000707600000| Untracked 
| 107|0x0000000707700000, 0x0000000707700000, 0x0000000707800000|  0%| F|  |TAMS 0x0000000707700000, 0x0000000707700000| Untracked 
| 108|0x0000000707800000, 0x0000000707800000, 0x0000000707900000|  0%| F|  |TAMS 0x0000000707800000, 0x0000000707800000| Untracked 
| 109|0x0000000707900000, 0x0000000707900000, 0x0000000707a00000|  0%| F|  |TAMS 0x0000000707900000, 0x0000000707900000| Untracked 
| 110|0x0000000707a00000, 0x0000000707a00000, 0x0000000707b00000|  0%| F|  |TAMS 0x0000000707a00000, 0x0000000707a00000| Untracked 
| 111|0x0000000707b00000, 0x0000000707b00000, 0x0000000707c00000|  0%| F|  |TAMS 0x0000000707b00000, 0x0000000707b00000| Untracked 
| 112|0x0000000707c00000, 0x0000000707c00000, 0x0000000707d00000|  0%| F|  |TAMS 0x0000000707c00000, 0x0000000707c00000| Untracked 
| 113|0x0000000707d00000, 0x0000000707d00000, 0x0000000707e00000|  0%| F|  |TAMS 0x0000000707d00000, 0x0000000707d00000| Untracked 
| 114|0x0000000707e00000, 0x0000000707e00000, 0x0000000707f00000|  0%| F|  |TAMS 0x0000000707e00000, 0x0000000707e00000| Untracked 
| 115|0x0000000707f00000, 0x0000000707f00000, 0x0000000708000000|  0%| F|  |TAMS 0x0000000707f00000, 0x0000000707f00000| Untracked 
| 116|0x0000000708000000, 0x0000000708000000, 0x0000000708100000|  0%| F|  |TAMS 0x0000000708000000, 0x0000000708000000| Untracked 
| 117|0x0000000708100000, 0x0000000708100000, 0x0000000708200000|  0%| F|  |TAMS 0x0000000708100000, 0x0000000708100000| Untracked 
| 118|0x0000000708200000, 0x0000000708200000, 0x0000000708300000|  0%| F|  |TAMS 0x0000000708200000, 0x0000000708200000| Untracked 
| 119|0x0000000708300000, 0x0000000708300000, 0x0000000708400000|  0%| F|  |TAMS 0x0000000708300000, 0x0000000708300000| Untracked 
| 120|0x0000000708400000, 0x0000000708400000, 0x0000000708500000|  0%| F|  |TAMS 0x0000000708400000, 0x0000000708400000| Untracked 
| 121|0x0000000708500000, 0x0000000708500000, 0x0000000708600000|  0%| F|  |TAMS 0x0000000708500000, 0x0000000708500000| Untracked 
| 122|0x0000000708600000, 0x0000000708600000, 0x0000000708700000|  0%| F|  |TAMS 0x0000000708600000, 0x0000000708600000| Untracked 
| 123|0x0000000708700000, 0x0000000708700000, 0x0000000708800000|  0%| F|  |TAMS 0x0000000708700000, 0x0000000708700000| Untracked 
| 124|0x0000000708800000, 0x0000000708800000, 0x0000000708900000|  0%| F|  |TAMS 0x0000000708800000, 0x0000000708800000| Untracked 
| 125|0x0000000708900000, 0x0000000708900000, 0x0000000708a00000|  0%| F|  |TAMS 0x0000000708900000, 0x0000000708900000| Untracked 
| 126|0x0000000708a00000, 0x0000000708a00000, 0x0000000708b00000|  0%| F|  |TAMS 0x0000000708a00000, 0x0000000708a00000| Untracked 
| 127|0x0000000708b00000, 0x0000000708b00000, 0x0000000708c00000|  0%| F|  |TAMS 0x0000000708b00000, 0x0000000708b00000| Untracked 
| 128|0x0000000708c00000, 0x0000000708c00000, 0x0000000708d00000|  0%| F|  |TAMS 0x0000000708c00000, 0x0000000708c00000| Untracked 
| 129|0x0000000708d00000, 0x0000000708d00000, 0x0000000708e00000|  0%| F|  |TAMS 0x0000000708d00000, 0x0000000708d00000| Untracked 
| 130|0x0000000708e00000, 0x0000000708e00000, 0x0000000708f00000|  0%| F|  |TAMS 0x0000000708e00000, 0x0000000708e00000| Untracked 
| 131|0x0000000708f00000, 0x0000000708f00000, 0x0000000709000000|  0%| F|  |TAMS 0x0000000708f00000, 0x0000000708f00000| Untracked 
| 132|0x0000000709000000, 0x0000000709000000, 0x0000000709100000|  0%| F|  |TAMS 0x0000000709000000, 0x0000000709000000| Untracked 
| 133|0x0000000709100000, 0x0000000709100000, 0x0000000709200000|  0%| F|  |TAMS 0x0000000709100000, 0x0000000709100000| Untracked 
| 134|0x0000000709200000, 0x0000000709200000, 0x0000000709300000|  0%| F|  |TAMS 0x0000000709200000, 0x0000000709200000| Untracked 
| 135|0x0000000709300000, 0x0000000709300000, 0x0000000709400000|  0%| F|  |TAMS 0x0000000709300000, 0x0000000709300000| Untracked 
| 136|0x0000000709400000, 0x0000000709400000, 0x0000000709500000|  0%| F|  |TAMS 0x0000000709400000, 0x0000000709400000| Untracked 
| 137|0x0000000709500000, 0x0000000709500000, 0x0000000709600000|  0%| F|  |TAMS 0x0000000709500000, 0x0000000709500000| Untracked 
| 138|0x0000000709600000, 0x0000000709600000, 0x0000000709700000|  0%| F|  |TAMS 0x0000000709600000, 0x0000000709600000| Untracked 
| 139|0x0000000709700000, 0x0000000709700000, 0x0000000709800000|  0%| F|  |TAMS 0x0000000709700000, 0x0000000709700000| Untracked 
| 140|0x0000000709800000, 0x0000000709800000, 0x0000000709900000|  0%| F|  |TAMS 0x0000000709800000, 0x0000000709800000| Untracked 
| 141|0x0000000709900000, 0x0000000709900000, 0x0000000709a00000|  0%| F|  |TAMS 0x0000000709900000, 0x0000000709900000| Untracked 
| 142|0x0000000709a00000, 0x0000000709a00000, 0x0000000709b00000|  0%| F|  |TAMS 0x0000000709a00000, 0x0000000709a00000| Untracked 
| 143|0x0000000709b00000, 0x0000000709b00000, 0x0000000709c00000|  0%| F|  |TAMS 0x0000000709b00000, 0x0000000709b00000| Untracked 
| 144|0x0000000709c00000, 0x0000000709c00000, 0x0000000709d00000|  0%| F|  |TAMS 0x0000000709c00000, 0x0000000709c00000| Untracked 
| 145|0x0000000709d00000, 0x0000000709d00000, 0x0000000709e00000|  0%| F|  |TAMS 0x0000000709d00000, 0x0000000709d00000| Untracked 
| 146|0x0000000709e00000, 0x0000000709e00000, 0x0000000709f00000|  0%| F|  |TAMS 0x0000000709e00000, 0x0000000709e00000| Untracked 
| 147|0x0000000709f00000, 0x0000000709f00000, 0x000000070a000000|  0%| F|  |TAMS 0x0000000709f00000, 0x0000000709f00000| Untracked 
| 148|0x000000070a000000, 0x000000070a000000, 0x000000070a100000|  0%| F|  |TAMS 0x000000070a000000, 0x000000070a000000| Untracked 
| 149|0x000000070a100000, 0x000000070a100000, 0x000000070a200000|  0%| F|  |TAMS 0x000000070a100000, 0x000000070a100000| Untracked 
| 150|0x000000070a200000, 0x000000070a200000, 0x000000070a300000|  0%| F|  |TAMS 0x000000070a200000, 0x000000070a200000| Untracked 
| 151|0x000000070a300000, 0x000000070a300000, 0x000000070a400000|  0%| F|  |TAMS 0x000000070a300000, 0x000000070a300000| Untracked 
| 152|0x000000070a400000, 0x000000070a400000, 0x000000070a500000|  0%| F|  |TAMS 0x000000070a400000, 0x000000070a400000| Untracked 
| 153|0x000000070a500000, 0x000000070a500000, 0x000000070a600000|  0%| F|  |TAMS 0x000000070a500000, 0x000000070a500000| Untracked 
| 154|0x000000070a600000, 0x000000070a600000, 0x000000070a700000|  0%| F|  |TAMS 0x000000070a600000, 0x000000070a600000| Untracked 
| 155|0x000000070a700000, 0x000000070a700000, 0x000000070a800000|  0%| F|  |TAMS 0x000000070a700000, 0x000000070a700000| Untracked 
| 156|0x000000070a800000, 0x000000070a800000, 0x000000070a900000|  0%| F|  |TAMS 0x000000070a800000, 0x000000070a800000| Untracked 
| 157|0x000000070a900000, 0x000000070a900000, 0x000000070aa00000|  0%| F|  |TAMS 0x000000070a900000, 0x000000070a900000| Untracked 
| 158|0x000000070aa00000, 0x000000070aa00000, 0x000000070ab00000|  0%| F|  |TAMS 0x000000070aa00000, 0x000000070aa00000| Untracked 
| 159|0x000000070ab00000, 0x000000070ab00000, 0x000000070ac00000|  0%| F|  |TAMS 0x000000070ab00000, 0x000000070ab00000| Untracked 
| 160|0x000000070ac00000, 0x000000070ac00000, 0x000000070ad00000|  0%| F|  |TAMS 0x000000070ac00000, 0x000000070ac00000| Untracked 
| 161|0x000000070ad00000, 0x000000070ad00000, 0x000000070ae00000|  0%| F|  |TAMS 0x000000070ad00000, 0x000000070ad00000| Untracked 
| 162|0x000000070ae00000, 0x000000070ae00000, 0x000000070af00000|  0%| F|  |TAMS 0x000000070ae00000, 0x000000070ae00000| Untracked 
| 163|0x000000070af00000, 0x000000070af00000, 0x000000070b000000|  0%| F|  |TAMS 0x000000070af00000, 0x000000070af00000| Untracked 
| 164|0x000000070b000000, 0x000000070b000000, 0x000000070b100000|  0%| F|  |TAMS 0x000000070b000000, 0x000000070b000000| Untracked 
| 165|0x000000070b100000, 0x000000070b100000, 0x000000070b200000|  0%| F|  |TAMS 0x000000070b100000, 0x000000070b100000| Untracked 
| 166|0x000000070b200000, 0x000000070b200000, 0x000000070b300000|  0%| F|  |TAMS 0x000000070b200000, 0x000000070b200000| Untracked 
| 167|0x000000070b300000, 0x000000070b300000, 0x000000070b400000|  0%| F|  |TAMS 0x000000070b300000, 0x000000070b300000| Untracked 
| 168|0x000000070b400000, 0x000000070b400000, 0x000000070b500000|  0%| F|  |TAMS 0x000000070b400000, 0x000000070b400000| Untracked 
| 169|0x000000070b500000, 0x000000070b500000, 0x000000070b600000|  0%| F|  |TAMS 0x000000070b500000, 0x000000070b500000| Untracked 
| 170|0x000000070b600000, 0x000000070b600000, 0x000000070b700000|  0%| F|  |TAMS 0x000000070b600000, 0x000000070b600000| Untracked 
| 171|0x000000070b700000, 0x000000070b700000, 0x000000070b800000|  0%| F|  |TAMS 0x000000070b700000, 0x000000070b700000| Untracked 
| 172|0x000000070b800000, 0x000000070b800000, 0x000000070b900000|  0%| F|  |TAMS 0x000000070b800000, 0x000000070b800000| Untracked 
| 173|0x000000070b900000, 0x000000070b900000, 0x000000070ba00000|  0%| F|  |TAMS 0x000000070b900000, 0x000000070b900000| Untracked 
| 174|0x000000070ba00000, 0x000000070ba00000, 0x000000070bb00000|  0%| F|  |TAMS 0x000000070ba00000, 0x000000070ba00000| Untracked 
| 175|0x000000070bb00000, 0x000000070bb00000, 0x000000070bc00000|  0%| F|  |TAMS 0x000000070bb00000, 0x000000070bb00000| Untracked 
| 176|0x000000070bc00000, 0x000000070bc00000, 0x000000070bd00000|  0%| F|  |TAMS 0x000000070bc00000, 0x000000070bc00000| Untracked 
| 177|0x000000070bd00000, 0x000000070bd00000, 0x000000070be00000|  0%| F|  |TAMS 0x000000070bd00000, 0x000000070bd00000| Untracked 
| 178|0x000000070be00000, 0x000000070be00000, 0x000000070bf00000|  0%| F|  |TAMS 0x000000070be00000, 0x000000070be00000| Untracked 
| 179|0x000000070bf00000, 0x000000070bf00000, 0x000000070c000000|  0%| F|  |TAMS 0x000000070bf00000, 0x000000070bf00000| Untracked 
| 180|0x000000070c000000, 0x000000070c000000, 0x000000070c100000|  0%| F|  |TAMS 0x000000070c000000, 0x000000070c000000| Untracked 
| 181|0x000000070c100000, 0x000000070c100000, 0x000000070c200000|  0%| F|  |TAMS 0x000000070c100000, 0x000000070c100000| Untracked 
| 182|0x000000070c200000, 0x000000070c200000, 0x000000070c300000|  0%| F|  |TAMS 0x000000070c200000, 0x000000070c200000| Untracked 
| 183|0x000000070c300000, 0x000000070c300000, 0x000000070c400000|  0%| F|  |TAMS 0x000000070c300000, 0x000000070c300000| Untracked 
| 184|0x000000070c400000, 0x000000070c400000, 0x000000070c500000|  0%| F|  |TAMS 0x000000070c400000, 0x000000070c400000| Untracked 
| 185|0x000000070c500000, 0x000000070c500000, 0x000000070c600000|  0%| F|  |TAMS 0x000000070c500000, 0x000000070c500000| Untracked 
| 186|0x000000070c600000, 0x000000070c600000, 0x000000070c700000|  0%| F|  |TAMS 0x000000070c600000, 0x000000070c600000| Untracked 
| 187|0x000000070c700000, 0x000000070c700000, 0x000000070c800000|  0%| F|  |TAMS 0x000000070c700000, 0x000000070c700000| Untracked 
| 188|0x000000070c800000, 0x000000070c800000, 0x000000070c900000|  0%| F|  |TAMS 0x000000070c800000, 0x000000070c800000| Untracked 
| 189|0x000000070c900000, 0x000000070c900000, 0x000000070ca00000|  0%| F|  |TAMS 0x000000070c900000, 0x000000070c900000| Untracked 
| 190|0x000000070ca00000, 0x000000070ca00000, 0x000000070cb00000|  0%| F|  |TAMS 0x000000070ca00000, 0x000000070ca00000| Untracked 
| 191|0x000000070cb00000, 0x000000070cb00000, 0x000000070cc00000|  0%| F|  |TAMS 0x000000070cb00000, 0x000000070cb00000| Untracked 
| 192|0x000000070cc00000, 0x000000070cc00000, 0x000000070cd00000|  0%| F|  |TAMS 0x000000070cc00000, 0x000000070cc00000| Untracked 
| 193|0x000000070cd00000, 0x000000070cd00000, 0x000000070ce00000|  0%| F|  |TAMS 0x000000070cd00000, 0x000000070cd00000| Untracked 
| 194|0x000000070ce00000, 0x000000070ce00000, 0x000000070cf00000|  0%| F|  |TAMS 0x000000070ce00000, 0x000000070ce00000| Untracked 
| 195|0x000000070cf00000, 0x000000070cf00000, 0x000000070d000000|  0%| F|  |TAMS 0x000000070cf00000, 0x000000070cf00000| Untracked 
| 196|0x000000070d000000, 0x000000070d000000, 0x000000070d100000|  0%| F|  |TAMS 0x000000070d000000, 0x000000070d000000| Untracked 
| 197|0x000000070d100000, 0x000000070d100000, 0x000000070d200000|  0%| F|  |TAMS 0x000000070d100000, 0x000000070d100000| Untracked 
| 198|0x000000070d200000, 0x000000070d200000, 0x000000070d300000|  0%| F|  |TAMS 0x000000070d200000, 0x000000070d200000| Untracked 
| 199|0x000000070d300000, 0x000000070d300000, 0x000000070d400000|  0%| F|  |TAMS 0x000000070d300000, 0x000000070d300000| Untracked 
| 200|0x000000070d400000, 0x000000070d400000, 0x000000070d500000|  0%| F|  |TAMS 0x000000070d400000, 0x000000070d400000| Untracked 
| 201|0x000000070d500000, 0x000000070d500000, 0x000000070d600000|  0%| F|  |TAMS 0x000000070d500000, 0x000000070d500000| Untracked 
| 202|0x000000070d600000, 0x000000070d600000, 0x000000070d700000|  0%| F|  |TAMS 0x000000070d600000, 0x000000070d600000| Untracked 
| 203|0x000000070d700000, 0x000000070d700000, 0x000000070d800000|  0%| F|  |TAMS 0x000000070d700000, 0x000000070d700000| Untracked 
| 204|0x000000070d800000, 0x000000070d800000, 0x000000070d900000|  0%| F|  |TAMS 0x000000070d800000, 0x000000070d800000| Untracked 
| 205|0x000000070d900000, 0x000000070d900000, 0x000000070da00000|  0%| F|  |TAMS 0x000000070d900000, 0x000000070d900000| Untracked 
| 206|0x000000070da00000, 0x000000070da00000, 0x000000070db00000|  0%| F|  |TAMS 0x000000070da00000, 0x000000070da00000| Untracked 
| 207|0x000000070db00000, 0x000000070db00000, 0x000000070dc00000|  0%| F|  |TAMS 0x000000070db00000, 0x000000070db00000| Untracked 
| 208|0x000000070dc00000, 0x000000070dc00000, 0x000000070dd00000|  0%| F|  |TAMS 0x000000070dc00000, 0x000000070dc00000| Untracked 
| 209|0x000000070dd00000, 0x000000070dd00000, 0x000000070de00000|  0%| F|  |TAMS 0x000000070dd00000, 0x000000070dd00000| Untracked 
| 210|0x000000070de00000, 0x000000070de00000, 0x000000070df00000|  0%| F|  |TAMS 0x000000070de00000, 0x000000070de00000| Untracked 
| 211|0x000000070df00000, 0x000000070df00000, 0x000000070e000000|  0%| F|  |TAMS 0x000000070df00000, 0x000000070df00000| Untracked 
| 212|0x000000070e000000, 0x000000070e000000, 0x000000070e100000|  0%| F|  |TAMS 0x000000070e000000, 0x000000070e000000| Untracked 
| 213|0x000000070e100000, 0x000000070e100000, 0x000000070e200000|  0%| F|  |TAMS 0x000000070e100000, 0x000000070e100000| Untracked 
| 214|0x000000070e200000, 0x000000070e200000, 0x000000070e300000|  0%| F|  |TAMS 0x000000070e200000, 0x000000070e200000| Untracked 
| 215|0x000000070e300000, 0x000000070e300000, 0x000000070e400000|  0%| F|  |TAMS 0x000000070e300000, 0x000000070e300000| Untracked 
| 216|0x000000070e400000, 0x000000070e400000, 0x000000070e500000|  0%| F|  |TAMS 0x000000070e400000, 0x000000070e400000| Untracked 
| 217|0x000000070e500000, 0x000000070e500000, 0x000000070e600000|  0%| F|  |TAMS 0x000000070e500000, 0x000000070e500000| Untracked 
| 218|0x000000070e600000, 0x000000070e600000, 0x000000070e700000|  0%| F|  |TAMS 0x000000070e600000, 0x000000070e600000| Untracked 
| 219|0x000000070e700000, 0x000000070e700000, 0x000000070e800000|  0%| F|  |TAMS 0x000000070e700000, 0x000000070e700000| Untracked 
| 220|0x000000070e800000, 0x000000070e800000, 0x000000070e900000|  0%| F|  |TAMS 0x000000070e800000, 0x000000070e800000| Untracked 
| 221|0x000000070e900000, 0x000000070e900000, 0x000000070ea00000|  0%| F|  |TAMS 0x000000070e900000, 0x000000070e900000| Untracked 
| 222|0x000000070ea00000, 0x000000070ea00000, 0x000000070eb00000|  0%| F|  |TAMS 0x000000070ea00000, 0x000000070ea00000| Untracked 
| 223|0x000000070eb00000, 0x000000070eb00000, 0x000000070ec00000|  0%| F|  |TAMS 0x000000070eb00000, 0x000000070eb00000| Untracked 
| 224|0x000000070ec00000, 0x000000070ec00000, 0x000000070ed00000|  0%| F|  |TAMS 0x000000070ec00000, 0x000000070ec00000| Untracked 
| 225|0x000000070ed00000, 0x000000070ed00000, 0x000000070ee00000|  0%| F|  |TAMS 0x000000070ed00000, 0x000000070ed00000| Untracked 
| 226|0x000000070ee00000, 0x000000070ee00000, 0x000000070ef00000|  0%| F|  |TAMS 0x000000070ee00000, 0x000000070ee00000| Untracked 
| 227|0x000000070ef00000, 0x000000070ef00000, 0x000000070f000000|  0%| F|  |TAMS 0x000000070ef00000, 0x000000070ef00000| Untracked 
| 228|0x000000070f000000, 0x000000070f000000, 0x000000070f100000|  0%| F|  |TAMS 0x000000070f000000, 0x000000070f000000| Untracked 
| 229|0x000000070f100000, 0x000000070f100000, 0x000000070f200000|  0%| F|  |TAMS 0x000000070f100000, 0x000000070f100000| Untracked 
| 230|0x000000070f200000, 0x000000070f200000, 0x000000070f300000|  0%| F|  |TAMS 0x000000070f200000, 0x000000070f200000| Untracked 
| 231|0x000000070f300000, 0x000000070f300000, 0x000000070f400000|  0%| F|  |TAMS 0x000000070f300000, 0x000000070f300000| Untracked 
| 232|0x000000070f400000, 0x000000070f400000, 0x000000070f500000|  0%| F|  |TAMS 0x000000070f400000, 0x000000070f400000| Untracked 
| 233|0x000000070f500000, 0x000000070f500000, 0x000000070f600000|  0%| F|  |TAMS 0x000000070f500000, 0x000000070f500000| Untracked 
| 234|0x000000070f600000, 0x000000070f600000, 0x000000070f700000|  0%| F|  |TAMS 0x000000070f600000, 0x000000070f600000| Untracked 
| 235|0x000000070f700000, 0x000000070f700000, 0x000000070f800000|  0%| F|  |TAMS 0x000000070f700000, 0x000000070f700000| Untracked 
| 236|0x000000070f800000, 0x000000070f800000, 0x000000070f900000|  0%| F|  |TAMS 0x000000070f800000, 0x000000070f800000| Untracked 
| 237|0x000000070f900000, 0x000000070f9f6450, 0x000000070fa00000| 96%| E|  |TAMS 0x000000070f900000, 0x000000070f900000| Complete 
| 238|0x000000070fa00000, 0x000000070fb00000, 0x000000070fb00000|100%| E|CS|TAMS 0x000000070fa00000, 0x000000070fa00000| Complete 
| 239|0x000000070fb00000, 0x000000070fc00000, 0x000000070fc00000|100%| E|CS|TAMS 0x000000070fb00000, 0x000000070fb00000| Complete 
| 240|0x000000070fc00000, 0x000000070fd00000, 0x000000070fd00000|100%| E|  |TAMS 0x000000070fc00000, 0x000000070fc00000| Complete 
| 241|0x000000070fd00000, 0x000000070fe00000, 0x000000070fe00000|100%| E|CS|TAMS 0x000000070fd00000, 0x000000070fd00000| Complete 
| 242|0x000000070fe00000, 0x000000070ff00000, 0x000000070ff00000|100%| E|CS|TAMS 0x000000070fe00000, 0x000000070fe00000| Complete 
| 243|0x000000070ff00000, 0x0000000710000000, 0x0000000710000000|100%| E|CS|TAMS 0x000000070ff00000, 0x000000070ff00000| Complete 
| 244|0x0000000710000000, 0x0000000710100000, 0x0000000710100000|100%| E|CS|TAMS 0x0000000710000000, 0x0000000710000000| Complete 
| 245|0x0000000710100000, 0x0000000710200000, 0x0000000710200000|100%| E|CS|TAMS 0x0000000710100000, 0x0000000710100000| Complete 
| 246|0x0000000710200000, 0x0000000710300000, 0x0000000710300000|100%| E|CS|TAMS 0x0000000710200000, 0x0000000710200000| Complete 
| 247|0x0000000710300000, 0x0000000710400000, 0x0000000710400000|100%| E|CS|TAMS 0x0000000710300000, 0x0000000710300000| Complete 
| 248|0x0000000710400000, 0x0000000710500000, 0x0000000710500000|100%| E|CS|TAMS 0x0000000710400000, 0x0000000710400000| Complete 
| 249|0x0000000710500000, 0x0000000710600000, 0x0000000710600000|100%| E|CS|TAMS 0x0000000710500000, 0x0000000710500000| Complete 
| 250|0x0000000710600000, 0x0000000710700000, 0x0000000710700000|100%| E|CS|TAMS 0x0000000710600000, 0x0000000710600000| Complete 
| 251|0x0000000710700000, 0x0000000710800000, 0x0000000710800000|100%| E|CS|TAMS 0x0000000710700000, 0x0000000710700000| Complete 
| 252|0x0000000710800000, 0x0000000710900000, 0x0000000710900000|100%| E|CS|TAMS 0x0000000710800000, 0x0000000710800000| Complete 
| 253|0x0000000710900000, 0x0000000710a00000, 0x0000000710a00000|100%| E|CS|TAMS 0x0000000710900000, 0x0000000710900000| Complete 
| 254|0x0000000710a00000, 0x0000000710b00000, 0x0000000710b00000|100%| E|CS|TAMS 0x0000000710a00000, 0x0000000710a00000| Complete 
| 255|0x0000000710b00000, 0x0000000710c00000, 0x0000000710c00000|100%| E|CS|TAMS 0x0000000710b00000, 0x0000000710b00000| Complete 

Card table byte_map: [0x000001a7ecfe0000,0x000001a7ed7e0000] _byte_map_base: 0x000001a7e97da000

Marking Bits (Prev, Next): (CMBitMap*) 0x000001a7d78b0e58, (CMBitMap*) 0x000001a7d78b0e90
 Prev Bits: [0x000001a7edfe0000, 0x000001a7f1fb0000)
 Next Bits: [0x000001a7f1fb0000, 0x000001a7f5f80000)

Polling page: 0x000001a7d76b0000

Metaspace:

Usage:
  Non-class:     10.53 MB capacity,    10.43 MB (>99%) used,    89.77 KB ( <1%) free+waste,     8.75 KB ( <1%) overhead. 
      Class:    993.00 KB capacity,   937.78 KB ( 94%) used,    52.47 KB (  5%) free+waste,     2.75 KB ( <1%) overhead. 
       Both:     11.50 MB capacity,    11.35 MB ( 99%) used,   142.24 KB (  1%) free+waste,    11.50 KB ( <1%) overhead. 

Virtual space:
  Non-class space:       12.00 MB reserved,      10.75 MB ( 90%) committed 
      Class space:        1.00 GB reserved,       1.00 MB ( <1%) committed 
             Both:        1.01 GB reserved,      11.75 MB (  1%) committed 

Chunk freelists:
   Non-Class:  97.00 KB
       Class:  31.00 KB
        Both:  128.00 KB

MaxMetaspaceSize: 17179869184.00 GB
CompressedClassSpaceSize: 1.00 GB

CodeHeap 'non-profiled nmethods': size=120000Kb used=589Kb max_used=589Kb free=119410Kb
 bounds [0x000001a7e4610000, 0x000001a7e4880000, 0x000001a7ebb40000]
CodeHeap 'profiled nmethods': size=120000Kb used=2665Kb max_used=2665Kb free=117334Kb
 bounds [0x000001a7dd0e0000, 0x000001a7dd380000, 0x000001a7e4610000]
CodeHeap 'non-nmethods': size=5760Kb used=1186Kb max_used=1202Kb free=4573Kb
 bounds [0x000001a7dcb40000, 0x000001a7dcdb0000, 0x000001a7dd0e0000]
 total_blobs=1731 nmethods=1186 adapters=457
 compilation: enabled
              stopped_count=0, restarted_count=0
 full_count=0

Compilation events (20 events):
Event: 4.007 Thread 0x000001a7f963d800 1178       4       javazoom.jl.decoder.SynthesisFilter::compute_pcm_samples9 (265 bytes)
Event: 4.007 Thread 0x000001a784fe3000 nmethod 1176 0x000001a7e46a2110 code [0x000001a7e46a22a0, 0x000001a7e46a2538]
Event: 4.008 Thread 0x000001a784fe1000 nmethod 1177 0x000001a7e46a2690 code [0x000001a7e46a2820, 0x000001a7e46a2ab8]
Event: 4.010 Thread 0x000001a7f963d800 nmethod 1178 0x000001a7e46a2c10 code [0x000001a7e46a2da0, 0x000001a7e46a3038]
Event: 4.049 Thread 0x000001a7f9640800 1179       3       com.badlogic.gdx.math.Vector3::prj (149 bytes)
Event: 4.049 Thread 0x000001a7f9640800 nmethod 1179 0x000001a7dd375090 code [0x000001a7dd375280, 0x000001a7dd375578]
Event: 4.049 Thread 0x000001a7f9640800 1184       3       com.jumanji.screens.GameScreen::removeBarrel (67 bytes)
Event: 4.050 Thread 0x000001a7f9640800 nmethod 1184 0x000001a7dd375710 code [0x000001a7dd3759c0, 0x000001a7dd376468]
Event: 4.050 Thread 0x000001a7f9640800 1182       3       com.badlogic.gdx.scenes.scene2d.Stage::draw (70 bytes)
Event: 4.050 Thread 0x000001a7f9640800 nmethod 1182 0x000001a7dd376890 code [0x000001a7dd376ba0, 0x000001a7dd3779d8]
Event: 4.050 Thread 0x000001a7f9640800 1180       3       com.jumanji.actor.Koala::act (47 bytes)
Event: 4.050 Thread 0x000001a7f9640800 nmethod 1180 0x000001a7dd378010 code [0x000001a7dd378240, 0x000001a7dd378798]
Event: 4.050 Thread 0x000001a7f9640800 1183       3       com.jumanji.actor.Koala::draw (159 bytes)
Event: 4.051 Thread 0x000001a7f9640800 nmethod 1183 0x000001a7dd378990 code [0x000001a7dd378c20, 0x000001a7dd3796c8]
Event: 4.191 Thread 0x000001a7f9640800 1185       3       java.lang.reflect.AccessibleObject::<init> (5 bytes)
Event: 4.191 Thread 0x000001a7f9640800 nmethod 1185 0x000001a7dd379a10 code [0x000001a7dd379bc0, 0x000001a7dd379d18]
Event: 4.192 Thread 0x000001a7f9640800 1186       3       java.lang.Number::<init> (5 bytes)
Event: 4.192 Thread 0x000001a7f9640800 nmethod 1186 0x000001a7dd379e10 code [0x000001a7dd379fc0, 0x000001a7dd37a118]
Event: 4.192 Thread 0x000001a7f9640800 1187       3       java.lang.Long::<init> (10 bytes)
Event: 4.192 Thread 0x000001a7f9640800 nmethod 1187 0x000001a7dd37a210 code [0x000001a7dd37a3c0, 0x000001a7dd37a578]

GC Heap History (0 events):
No events

Deoptimization events (20 events):
Event: 2.959 Thread 0x000001a7f9bcd800 DEOPT PACKING pc=0x000001a7dd328b03 sp=0x00000004fb3fe9b0
Event: 2.959 Thread 0x000001a7f9bcd800 DEOPT UNPACKING pc=0x000001a7dcb6794e sp=0x00000004fb3fddf0 mode 0
Event: 2.959 Thread 0x000001a7f9bcd800 DEOPT PACKING pc=0x000001a7dd322360 sp=0x00000004fb3fe940
Event: 2.959 Thread 0x000001a7f9bcd800 DEOPT UNPACKING pc=0x000001a7dcb6794e sp=0x00000004fb3fddf0 mode 0
Event: 2.959 Thread 0x000001a7f9bcd800 DEOPT PACKING pc=0x000001a7dd31fc32 sp=0x00000004fb3fe9a0
Event: 2.959 Thread 0x000001a7f9bcd800 DEOPT UNPACKING pc=0x000001a7dcb6794e sp=0x00000004fb3fde30 mode 0
Event: 3.158 Thread 0x000001a7f9bcd800 DEOPT PACKING pc=0x000001a7dd31fc32 sp=0x00000004fb3fe9a0
Event: 3.158 Thread 0x000001a7f9bcd800 DEOPT UNPACKING pc=0x000001a7dcb6794e sp=0x00000004fb3fde30 mode 0
Event: 3.158 Thread 0x000001a7f9bcd800 DEOPT PACKING pc=0x000001a7dd31fc83 sp=0x00000004fb3fe9a0
Event: 3.158 Thread 0x000001a7f9bcd800 DEOPT UNPACKING pc=0x000001a7dcb6794e sp=0x00000004fb3fde30 mode 0
Event: 3.159 Thread 0x000001a7f9bcd800 DEOPT PACKING pc=0x000001a7dd31fc83 sp=0x00000004fb3fe9a0
Event: 3.159 Thread 0x000001a7f9bcd800 DEOPT UNPACKING pc=0x000001a7dcb6794e sp=0x00000004fb3fde30 mode 0
Event: 3.159 Thread 0x000001a7f9bcd800 DEOPT PACKING pc=0x000001a7dd31fc83 sp=0x00000004fb3fe9a0
Event: 3.159 Thread 0x000001a7f9bcd800 DEOPT UNPACKING pc=0x000001a7dcb6794e sp=0x00000004fb3fde30 mode 0
Event: 3.374 Thread 0x000001a7f9bcd800 DEOPT PACKING pc=0x000001a7dd31b031 sp=0x00000004fb3fe970
Event: 3.374 Thread 0x000001a7f9bcd800 DEOPT UNPACKING pc=0x000001a7dcb6794e sp=0x00000004fb3fde18 mode 0
Event: 3.533 Thread 0x000001a7f9bcd800 Uncommon trap: trap_request=0xffffffd6 fr.pc=0x000001a7e46975b8 relative=0x00000000000001d8
Event: 3.533 Thread 0x000001a7f9bcd800 Uncommon trap: reason=array_check action=maybe_recompile pc=0x000001a7e46975b8 method=com.badlogic.gdx.utils.Array.add(Ljava/lang/Object;)V @ 46 c2
Event: 3.533 Thread 0x000001a7f9bcd800 DEOPT PACKING pc=0x000001a7e46975b8 sp=0x00000004fb3fe980
Event: 3.533 Thread 0x000001a7f9bcd800 DEOPT UNPACKING pc=0x000001a7dcb67b2f sp=0x00000004fb3fe928 mode 2

Classes redefined (0 events):
No events

Internal exceptions (7 events):
Event: 0.162 Thread 0x000001a7d784f800 Exception <a 'java/security/PrivilegedActionException'{0x000000071087c0c8}> (0x000000071087c0c8) thrown at [./src/hotspot/share/prims/jvm.cpp, line 1306]
Event: 0.162 Thread 0x000001a7d784f800 Exception <a 'java/security/PrivilegedActionException'{0x000000071087e8a8}> (0x000000071087e8a8) thrown at [./src/hotspot/share/prims/jvm.cpp, line 1306]
Event: 0.162 Thread 0x000001a7d784f800 Exception <a 'java/security/PrivilegedActionException'{0x000000071087f8a0}> (0x000000071087f8a0) thrown at [./src/hotspot/share/prims/jvm.cpp, line 1306]
Event: 0.165 Thread 0x000001a7d784f800 Exception <a 'java/security/PrivilegedActionException'{0x0000000710891928}> (0x0000000710891928) thrown at [./src/hotspot/share/prims/jvm.cpp, line 1306]
Event: 0.165 Thread 0x000001a7d784f800 Exception <a 'java/security/PrivilegedActionException'{0x00000007108924e8}> (0x00000007108924e8) thrown at [./src/hotspot/share/prims/jvm.cpp, line 1306]
Event: 0.165 Thread 0x000001a7d784f800 Exception <a 'java/security/PrivilegedActionException'{0x0000000710893068}> (0x0000000710893068) thrown at [./src/hotspot/share/prims/jvm.cpp, line 1306]
Event: 0.839 Thread 0x000001a7f9bcd800 Exception <a 'java/lang/NoSuchMethodError'{0x000000070fbcf778}: 'int java.lang.invoke.DirectMethodHandle$Holder.invokeSpecialIFC(java.lang.Object, java.lang.Object, int)'> (0x000000070fbcf778) thrown at [./src/hotspot/share/interpreter/linkResolver.cpp, line 773]

Events (20 events):
Event: 1.867 Loaded shared library C:\Users\eduar\AppData\Local\Temp\libgdxeduar\1cecf4f6\lwjgl64.dll
Event: 1.867 Loaded shared library C:\Users\eduar\AppData\Local\Temp\libgdxeduar\1cecf4f6\lwjgl64.dll
Event: 2.225 Loaded shared library C:\Users\eduar\AppData\Local\Temp\libgdxeduar\1cecf4f6\lwjgl64.dll
Event: 2.225 Loaded shared library C:\Users\eduar\AppData\Local\Temp\libgdxeduar\1cecf4f6\lwjgl64.dll
Event: 2.291 Loaded shared library C:\Users\eduar\AppData\Local\Temp\libgdxeduar\1cecf4f6\lwjgl64.dll
Event: 2.816 Loaded shared library C:\Users\eduar\AppData\Local\Temp\libgdxeduar\1cecf4f6\lwjgl64.dll
Event: 4.003 Thread 0x000001a784fe1000 Thread added: 0x000001a784fe1000
Event: 4.003 Thread 0x000001a784fe3000 Thread added: 0x000001a784fe3000
Event: 4.191 Thread 0x000001a784fe3000 Thread exited: 0x000001a784fe3000
Event: 4.191 Thread 0x000001a784fe1000 Thread exited: 0x000001a784fe1000
Event: 4.191 loading class com/badlogic/gdx/scenes/scene2d/InputEvent$Type
Event: 4.191 loading class com/badlogic/gdx/scenes/scene2d/InputEvent$Type done
Event: 4.192 Executing VM operation: RevokeBias
Event: 4.192 Executing VM operation: RevokeBias done
Event: 4.192 loading class java/lang/Long$LongCache
Event: 4.192 loading class java/lang/Long$LongCache done
Event: 4.192 loading class com/badlogic/gdx/scenes/scene2d/actions/Actions
Event: 4.192 loading class com/badlogic/gdx/scenes/scene2d/actions/Actions done
Event: 4.193 loading class com/jumanji/screens/GameScreen$1
Event: 4.193 loading class com/jumanji/screens/GameScreen$1 done


Dynamic libraries:
0x00007ff68e9a0000 - 0x00007ff68e9aa000 	D:\AndroidStudio\jre\bin\java.exe
0x00007fff772b0000 - 0x00007fff774a5000 	C:\Windows\SYSTEM32\ntdll.dll
0x00007fff76070000 - 0x00007fff7612e000 	C:\Windows\System32\KERNEL32.DLL
0x00007fff74eb0000 - 0x00007fff75178000 	C:\Windows\System32\KERNELBASE.dll
0x00007fff74c30000 - 0x00007fff74d30000 	C:\Windows\System32\ucrtbase.dll
0x00007fff5be20000 - 0x00007fff5be39000 	D:\AndroidStudio\jre\bin\jli.dll
0x00007fff61480000 - 0x00007fff61497000 	D:\AndroidStudio\jre\bin\VCRUNTIME140.dll
0x00007fff75a50000 - 0x00007fff75bf0000 	C:\Windows\System32\USER32.dll
0x00007fff74d30000 - 0x00007fff74d52000 	C:\Windows\System32\win32u.dll
0x00007fff56620000 - 0x00007fff568ba000 	C:\Windows\WinSxS\amd64_microsoft.windows.common-controls_6595b64144ccf1df_6.0.19041.1110_none_60b5254171f9507e\COMCTL32.dll
0x00007fff75a20000 - 0x00007fff75a4b000 	C:\Windows\System32\GDI32.dll
0x00007fff77170000 - 0x00007fff7720e000 	C:\Windows\System32\msvcrt.dll
0x00007fff74b20000 - 0x00007fff74c2d000 	C:\Windows\System32\gdi32full.dll
0x00007fff75180000 - 0x00007fff7521d000 	C:\Windows\System32\msvcp_win.dll
0x00007fff75440000 - 0x00007fff75470000 	C:\Windows\System32\IMM32.DLL
0x00007fff40b00000 - 0x00007fff40b9d000 	D:\AndroidStudio\jre\bin\msvcp140.dll
0x00007ffef01b0000 - 0x00007ffef0c7f000 	D:\AndroidStudio\jre\bin\server\jvm.dll
0x00007fff77050000 - 0x00007fff770fe000 	C:\Windows\System32\ADVAPI32.dll
0x00007fff75980000 - 0x00007fff75a1c000 	C:\Windows\System32\sechost.dll
0x00007fff76130000 - 0x00007fff76255000 	C:\Windows\System32\RPCRT4.dll
0x00007fff75430000 - 0x00007fff75438000 	C:\Windows\System32\PSAPI.DLL
0x00007fff5e040000 - 0x00007fff5e049000 	C:\Windows\SYSTEM32\WSOCK32.dll
0x00007fff6b530000 - 0x00007fff6b53a000 	C:\Windows\SYSTEM32\VERSION.dll
0x00007fff6b500000 - 0x00007fff6b527000 	C:\Windows\SYSTEM32\WINMM.dll
0x00007fff77100000 - 0x00007fff7716b000 	C:\Windows\System32\WS2_32.dll
0x00007fff727b0000 - 0x00007fff727c2000 	C:\Windows\SYSTEM32\kernel.appcore.dll
0x00007fff67af0000 - 0x00007fff67b01000 	D:\AndroidStudio\jre\bin\verify.dll
0x00007fff6d1a0000 - 0x00007fff6d384000 	C:\Windows\SYSTEM32\DBGHELP.DLL
0x00007fff651a0000 - 0x00007fff651cc000 	C:\Windows\SYSTEM32\dbgcore.DLL
0x00007fff75220000 - 0x00007fff752a2000 	C:\Windows\System32\bcryptPrimitives.dll
0x00007fff67ac0000 - 0x00007fff67ae9000 	D:\AndroidStudio\jre\bin\java.dll
0x00007fff67a90000 - 0x00007fff67a9b000 	D:\AndroidStudio\jre\bin\jimage.dll
0x00007fff67a70000 - 0x00007fff67a88000 	D:\AndroidStudio\jre\bin\zip.dll
0x00007fff767f0000 - 0x00007fff76f34000 	C:\Windows\System32\SHELL32.dll
0x00007fff72a90000 - 0x00007fff73224000 	C:\Windows\SYSTEM32\windows.storage.dll
0x00007fff762f0000 - 0x00007fff76645000 	C:\Windows\System32\combase.dll
0x00007fff74260000 - 0x00007fff7428e000 	C:\Windows\SYSTEM32\Wldp.dll
0x00007fff758c0000 - 0x00007fff7596d000 	C:\Windows\System32\SHCORE.dll
0x00007fff754d0000 - 0x00007fff75525000 	C:\Windows\System32\shlwapi.dll
0x00007fff74900000 - 0x00007fff7491f000 	C:\Windows\SYSTEM32\profapi.dll
0x00007fff67a40000 - 0x00007fff67a5a000 	D:\AndroidStudio\jre\bin\net.dll
0x00007fff6f5b0000 - 0x00007fff6f6bc000 	C:\Windows\SYSTEM32\WINHTTP.dll
0x00007fff74040000 - 0x00007fff740aa000 	C:\Windows\system32\mswsock.dll
0x00007fff67500000 - 0x00007fff67514000 	D:\AndroidStudio\jre\bin\nio.dll
0x000000006e700000 - 0x000000006e72a000 	C:\Users\eduar\AppData\Local\Temp\libgdxeduar\e1cd32f8\gdx64.dll
0x0000000180000000 - 0x0000000180053000 	C:\Users\eduar\AppData\Local\Temp\libgdxeduar\1cecf4f6\lwjgl64.dll
0x00007fff2f9f0000 - 0x00007fff2fb15000 	C:\Windows\SYSTEM32\OPENGL32.dll
0x00007fff2fb20000 - 0x00007fff2fb4c000 	C:\Windows\SYSTEM32\GLU32.dll
0x000001a7fa2d0000 - 0x000001a7fa334000 	C:\Users\eduar\AppData\Local\Temp\libgdxeduar\1cecf4f6\OpenAL64.dll
0x00007fff75300000 - 0x00007fff7542a000 	C:\Windows\System32\ole32.dll
0x00007fff723b0000 - 0x00007fff7244e000 	C:\Windows\system32\uxtheme.dll
0x00007fff76fa0000 - 0x00007fff77049000 	C:\Windows\System32\clbcatq.dll
0x00007fff4d0f0000 - 0x00007fff4d18c000 	C:\Windows\SYSTEM32\dsound.dll
0x00007fff743d0000 - 0x00007fff7441b000 	C:\Windows\SYSTEM32\powrprof.dll
0x00007fff5f780000 - 0x00007fff5f7a6000 	C:\Windows\SYSTEM32\winmmbase.dll
0x00007fff743b0000 - 0x00007fff743c2000 	C:\Windows\SYSTEM32\UMPDC.dll
0x00007fff6e580000 - 0x00007fff6e605000 	C:\Windows\System32\MMDevApi.dll
0x00007fff74760000 - 0x00007fff74794000 	C:\Windows\System32\DEVOBJ.dll
0x00007fff752b0000 - 0x00007fff752fe000 	C:\Windows\System32\cfgmgr32.dll
0x00007fff6e610000 - 0x00007fff6e794000 	C:\Windows\SYSTEM32\AUDIOSES.DLL
0x00007fff75530000 - 0x00007fff755fd000 	C:\Windows\System32\OLEAUT32.dll
0x00007fff72490000 - 0x00007fff724a4000 	C:\Windows\SYSTEM32\resourcepolicyclient.dll
0x00007fff6d450000 - 0x00007fff6d4fe000 	C:\Windows\SYSTEM32\mscms.dll
0x00007fff748c0000 - 0x00007fff748ee000 	C:\Windows\SYSTEM32\USERENV.dll
0x00007fff6e220000 - 0x00007fff6e231000 	C:\Windows\SYSTEM32\ColorAdapterClient.dll
0x00007fff5a5f0000 - 0x00007fff5a634000 	C:\Windows\System32\Windows.Internal.Graphics.Display.DisplayColorManagement.dll
0x00007fff766d0000 - 0x00007fff767e6000 	C:\Windows\System32\MSCTF.dll
0x00007fff66d40000 - 0x00007fff66e39000 	C:\Windows\SYSTEM32\textinputframework.dll
0x00007fff71c30000 - 0x00007fff71f8e000 	C:\Windows\System32\CoreUIComponents.dll
0x00007fff71f90000 - 0x00007fff72082000 	C:\Windows\System32\CoreMessaging.dll
0x00007fff708d0000 - 0x00007fff70a24000 	C:\Windows\SYSTEM32\wintypes.dll
0x00007fff73670000 - 0x00007fff736a3000 	C:\Windows\SYSTEM32\ntmarta.dll
0x00007fff6fec0000 - 0x00007fff6ffb9000 	C:\Windows\System32\AppXDeploymentClient.dll
0x00007fff607c0000 - 0x00007fff607ec000 	C:\Windows\System32\DriverStore\FileRepository\u0376724.inf_amd64_aa44b9d5e398e987\B376581\atig6pxx.dll
0x00007fff04540000 - 0x00007fff073a0000 	C:\Windows\System32\DriverStore\FileRepository\u0376724.inf_amd64_aa44b9d5e398e987\B376581\atio6axx.dll
0x00007fff75bf0000 - 0x00007fff76062000 	C:\Windows\System32\SETUPAPI.dll
0x00007fff74e80000 - 0x00007fff74ea7000 	C:\Windows\System32\bcrypt.dll
0x00007fff2f780000 - 0x00007fff2f7a4000 	C:\Windows\SYSTEM32\dxva2.dll
0x00007fff72780000 - 0x00007fff727af000 	C:\Windows\SYSTEM32\dwmapi.dll
0x00007fff0e7e0000 - 0x00007fff0e81f000 	C:\Windows\System32\DriverStore\FileRepository\u0376724.inf_amd64_aa44b9d5e398e987\B376581\atig6txx.dll
0x00007fff175f0000 - 0x00007fff177c0000 	C:\Windows\SYSTEM32\atiadlxx.dll
0x00007fff5a6c0000 - 0x00007fff5a709000 	C:\Windows\SYSTEM32\pdh.dll
0x00007fff6f3d0000 - 0x00007fff6f4c6000 	C:\Windows\SYSTEM32\PROPSYS.dll
0x00007fff74d60000 - 0x00007fff74dc9000 	C:\Windows\System32\WINTRUST.dll
0x00007fff749c0000 - 0x00007fff74b16000 	C:\Windows\System32\CRYPT32.dll
0x00007fff745a0000 - 0x00007fff745b2000 	C:\Windows\SYSTEM32\MSASN1.dll
0x00007fff6b740000 - 0x00007fff6b77b000 	C:\Windows\SYSTEM32\dxcore.dll
0x00007fff0ccb0000 - 0x00007fff0ccf3000 	C:\Windows\SYSTEM32\icm32.dll
0x0000000066b00000 - 0x0000000066b5b000 	C:\Users\eduar\AppData\Local\Temp\libgdxeduar\a14961b7\gdx-box2d64.dll

dbghelp: loaded successfully - version: 4.0.5 - missing functions: none
symbol engine: initialized successfully - sym options: 0x614 - pdb path: .;D:\AndroidStudio\jre\bin;C:\Windows\SYSTEM32;C:\Windows\WinSxS\amd64_microsoft.windows.common-controls_6595b64144ccf1df_6.0.19041.1110_none_60b5254171f9507e;D:\AndroidStudio\jre\bin\server;C:\Users\eduar\AppData\Local\Temp\libgdxeduar\e1cd32f8;C:\Users\eduar\AppData\Local\Temp\libgdxeduar\1cecf4f6;C:\Windows\System32\DriverStore\FileRepository\u0376724.inf_amd64_aa44b9d5e398e987\B376581;C:\Users\eduar\AppData\Local\Temp\libgdxeduar\a14961b7

VM Arguments:
jvm_args: -Dfile.encoding=windows-1252 -Duser.country=ES -Duser.language=es -Duser.variant 
java_command: com.jumanji.desktop.DesktopLauncher
java_class_path (initial): C:\Users\eduar\Desktop\Drive\jumanji\desktop\build\classes\java\main;C:\Users\eduar\Desktop\Drive\jumanji\desktop\build\resources\main;C:\Users\eduar\.gradle\caches\modules-2\files-2.1\com.badlogicgames.gdx\gdx-backend-lwjgl\1.10.0\58ff89d9e4fd8a82591367f187d606e781cacc05\gdx-backend-lwjgl-1.10.0.jar;C:\Users\eduar\.gradle\caches\modules-2\files-2.1\com.badlogicgames.gdx\gdx-platform\1.10.0\9a8fa793d2fd6d360afc6c9e4c1f5583da263b88\gdx-platform-1.10.0-natives-desktop.jar;C:\Users\eduar\.gradle\caches\modules-2\files-2.1\com.badlogicgames.gdx\gdx-box2d-platform\1.10.0\588c4191c5a64ed39365e71484aa37d81c38eb5e\gdx-box2d-platform-1.10.0-natives-desktop.jar;C:\Users\eduar\Desktop\Drive\jumanji\core\build\libs\core-1.0.jar;C:\Users\eduar\.gradle\caches\modules-2\files-2.1\com.badlogicgames.box2dlights\box2dlights\1.5\6902dbcd250c95a27973aa24a147a95b3828d348\box2dlights-1.5.jar;C:\Users\eduar\.gradle\caches\modules-2\files-2.1\com.badlogicgames.gdx\gdx-box2d\1.10.0\b3a3c0f00b90716238835434d0ae8985604c37f8\gdx-box2d-1.10.0.jar;C:\Users\eduar\.gradle\caches\modules-2\files-2.1\com.badlogicgames.gdx\gdx\1.10.0\74c240f79dc4fb6b766a834249600d0a019d0489\gdx-1.10.0.jar;C:\Users\eduar\.gradle\caches\modules-2\files-2.1\org.lwjgl.lwjgl\lwjgl_util\2.9.3\751f06b62424da056954c67288fd5c494431e350\lwjgl_util-2.9.3.jar;C:\Users\eduar\.gradle\caches\modules-2\files-2.1\org.lwjgl.lwjgl\lwjgl\2.9.3\3df168ac74e4a8c96562cdff24ad352e255bf89c\lwjgl-2.9.3.jar;C:\Users\eduar\.gradle\caches\modules-2\files-2.1\com.badlogicgames.jlayer\jlayer\1.0.1-gdx\7cca83cec5c1b2f011362f4d85aabd71a73b049d\jlayer-1.0.1-gdx.jar;C:\Users\eduar\.gradle\caches\modules-2\files-2.1\org.jcraft\jorbis\0.0.17\8872d22b293e8f5d7d56ff92be966e6dc28ebdc6\jorbis-0.0.17.jar;C:\Users\eduar\.gradle\caches\modules-2\files-2.1\org.lwjgl.lwjgl\lwjgl-platform\2.9.3\fbc2afb3e288578e9942578decb6291a490549a0\lwjgl-platform-2.9.3-natives-windows.jar;C:\Users\eduar\.gradle\caches\modules-2\files-2.1\org.lwjgl.l
Launcher Type: SUN_STANDARD

[Global flags]
     intx CICompilerCount                          = 4                                         {product} {ergonomic}
     uint ConcGCThreads                            = 3                                         {product} {ergonomic}
     uint G1ConcRefinementThreads                  = 10                                        {product} {ergonomic}
   size_t G1HeapRegionSize                         = 1048576                                   {product} {ergonomic}
    uintx GCDrainStackTargetSize                   = 64                                        {product} {ergonomic}
   size_t InitialHeapSize                          = 268435456                                 {product} {ergonomic}
   size_t MarkStackSize                            = 4194304                                   {product} {ergonomic}
   size_t MaxHeapSize                              = 4282384384                                {product} {ergonomic}
   size_t MaxNewSize                               = 2569011200                                {product} {ergonomic}
   size_t MinHeapDeltaBytes                        = 1048576                                   {product} {ergonomic}
    uintx NonNMethodCodeHeapSize                   = 5836300                                {pd product} {ergonomic}
    uintx NonProfiledCodeHeapSize                  = 122910970                              {pd product} {ergonomic}
    uintx ProfiledCodeHeapSize                     = 122910970                              {pd product} {ergonomic}
    uintx ReservedCodeCacheSize                    = 251658240                              {pd product} {ergonomic}
     bool SegmentedCodeCache                       = true                                      {product} {ergonomic}
     bool UseCompressedClassPointers               = true                                 {lp64_product} {ergonomic}
     bool UseCompressedOops                        = true                                 {lp64_product} {ergonomic}
     bool UseG1GC                                  = true                                      {product} {ergonomic}
     bool UseLargePagesIndividualAllocation        = false                                  {pd product} {ergonomic}

Logging:
Log output configuration:
 #0: stdout all=warning uptime,level,tags
 #1: stderr all=off uptime,level,tags

Environment Variables:
PATH=C:\ProgramData\Oracle\Java\javapath;C:\oraclexe\app\oracle\product\11.2.0\server\bin;C:\Program Files\Common Files\Oracle\Java\javapath;C:\Program Files (x86)\Common Files\Oracle\Java\javapath;D:\Oracle\app\oracle\product\11.2.0\server\bin;C:\Windows\system32;C:\Windows;C:\Windows\System32\Wbem;C:\Windows\System32\WindowsPowerShell\v1.0\;C:\Windows\System32\OpenSSH\;C:\Program Files\Git\cmd;C:\Users\eduar\AppData\Local\Microsoft\WindowsApps;D:\Microsoft VS Code\bin;C:\Program Files\Azure Data Studio\bin;C:\Users\eduar\AppData\Local\GitHubDesktop\bin;D:\flutter\bin;C:\Program Files\Java\jdk-17.0.2\bin;
USERNAME=eduar
OS=Windows_NT
PROCESSOR_IDENTIFIER=AMD64 Family 23 Model 113 Stepping 0, AuthenticAMD



---------------  S Y S T E M  ---------------

OS: Windows 10 , 64 bit Build 19041 (10.0.19041.1503)
OS uptime: 0 days 12:34 hours
Hyper-V role detected

CPU:total 12 (initial active 12) (12 cores per cpu, 2 threads per core) family 23 model 113 stepping 0 microcode 0x0, cmov, cx8, fxsr, mmx, sse, sse2, sse3, ssse3, sse4.1, sse4.2, popcnt, avx, avx2, aes, clmul, mmxext, 3dnowpref, lzcnt, sse4a, ht, tsc, tscinvbit, tscinv, bmi1, bmi2, adx,

Memory: 4k page, system-wide physical 16334M (7139M free)
TotalPageFile size 19150M (AvailPageFile size 2635M)
current process WorkingSet (physical memory assigned to process): 146M, peak: 147M
current process commit charge ("private bytes"): 469M, peak: 470M

vm_info: OpenJDK 64-Bit Server VM (11.0.10+0-b96-7249189) for windows-amd64 JRE (11.0.10+0-b96-7249189), built on Mar 31 2021 21:44:00 by "builder" with MS VC++ 14.0 (VS2015)

END.
